\BOOKMARK [1][-]{section*.1}{\376\377\000C\000o\000n\000t\000e\000n\000t\000s}{}% 1
\BOOKMARK [1][-]{section*.2}{\376\377\000M\000a\000i\000n\000\040\000f\000i\000g\000u\000r\000e\000s}{}% 2
\BOOKMARK [1][-]{appendix.A}{\376\377\000L\000i\000t\000e\000r\000a\000t\000u\000r\000e\000\040\000r\000e\000v\000i\000e\000w}{}% 3
\BOOKMARK [2][-]{subsection.A.1}{\376\377\000A\000t\000t\000i\000t\000u\000d\000e\000s\000\040\000a\000n\000d\000\040\000p\000e\000r\000c\000e\000p\000t\000i\000o\000n\000s}{appendix.A}% 4
\BOOKMARK [3][-]{subsubsection.A.1.1}{\376\377\000P\000o\000p\000u\000l\000a\000t\000i\000o\000n\000\040\000a\000t\000t\000i\000t\000u\000d\000e\000s\000\040\000o\000n\000\040\000g\000l\000o\000b\000a\000l\000\040\000p\000o\000l\000i\000c\000i\000e\000s}{subsection.A.1}% 5
\BOOKMARK [3][-]{subsubsection.A.1.2}{\376\377\000P\000o\000p\000u\000l\000a\000t\000i\000o\000n\000\040\000a\000t\000t\000i\000t\000u\000d\000e\000s\000\040\000o\000n\000\040\000c\000l\000i\000m\000a\000t\000e\000\040\000b\000u\000r\000d\000e\000n\000\040\000s\000h\000a\000r\000i\000n\000g}{subsection.A.1}% 6
\BOOKMARK [3][-]{subsubsection.A.1.3}{\376\377\000P\000o\000p\000u\000l\000a\000t\000i\000o\000n\000\040\000a\000t\000t\000i\000t\000u\000d\000e\000s\000\040\000o\000n\000\040\000f\000o\000r\000e\000i\000g\000n\000\040\000a\000i\000d}{subsection.A.1}% 7
\BOOKMARK [3][-]{subsubsection.A.1.4}{\376\377\000P\000o\000p\000u\000l\000a\000t\000i\000o\000n\000\040\000a\000t\000t\000i\000t\000u\000d\000e\000s\000\040\000o\000n\000\040\000r\000i\000c\000h\000\040\000t\000a\000x}{subsection.A.1}% 8
\BOOKMARK [3][-]{subsubsection.A.1.5}{\376\377\000P\000o\000p\000u\000l\000a\000t\000i\000o\000n\000\040\000a\000t\000t\000i\000t\000u\000d\000e\000s\000\040\000o\000n\000\040\000e\000t\000h\000i\000c\000a\000l\000\040\000n\000o\000r\000m\000s}{subsection.A.1}% 9
\BOOKMARK [3][-]{subsubsection.A.1.6}{\376\377\000S\000e\000c\000o\000n\000d\000-\000o\000r\000d\000e\000r\000\040\000b\000e\000l\000i\000e\000f\000s}{subsection.A.1}% 10
\BOOKMARK [2][-]{subsection.A.2}{\376\377\000P\000r\000o\000p\000o\000s\000a\000l\000s\000\040\000a\000n\000d\000\040\000a\000n\000a\000l\000y\000s\000e\000s\000\040\000o\000f\000\040\000g\000l\000o\000b\000a\000l\000\040\000p\000o\000l\000i\000c\000y\000-\000m\000a\000k\000i\000n\000g}{appendix.A}% 11
\BOOKMARK [3][-]{subsubsection.A.2.1}{\376\377\000G\000l\000o\000b\000a\000l\000\040\000c\000a\000r\000b\000o\000n\000\040\000p\000r\000i\000c\000i\000n\000g}{subsection.A.2}% 12
\BOOKMARK [3][-]{subsubsection.A.2.2}{\376\377\000C\000l\000i\000m\000a\000t\000e\000\040\000b\000u\000r\000d\000e\000n\000\040\000s\000h\000a\000r\000i\000n\000g}{subsection.A.2}% 13
\BOOKMARK [3][-]{subsubsection.A.2.3}{\376\377\000G\000l\000o\000b\000a\000l\000\040\000r\000e\000d\000i\000s\000t\000r\000i\000b\000u\000t\000i\000o\000n}{subsection.A.2}% 14
\BOOKMARK [3][-]{subsubsection.A.2.4}{\376\377\000B\000a\000s\000i\000c\000\040\000i\000n\000c\000o\000m\000e}{subsection.A.2}% 15
\BOOKMARK [3][-]{subsubsection.A.2.5}{\376\377\000G\000l\000o\000b\000a\000l\000\040\000d\000e\000m\000o\000c\000r\000a\000c\000y}{subsection.A.2}% 16
\BOOKMARK [1][-]{appendix.B}{\376\377\000R\000a\000w\000\040\000r\000e\000s\000u\000l\000t\000s}{}% 17
\BOOKMARK [1][-]{appendix.C}{\376\377\000Q\000u\000e\000s\000t\000i\000o\000n\000n\000a\000i\000r\000e\000\040\000o\000f\000\040\000t\000h\000e\000\040\000g\000l\000o\000b\000a\000l\000\040\000s\000u\000r\000v\000e\000y\000\040\000\050\000s\000e\000c\000t\000i\000o\000n\000\040\000o\000n\000\040\000g\000l\000o\000b\000a\000l\000\040\000p\000o\000l\000i\000c\000i\000e\000s\000\051}{}% 18
\BOOKMARK [1][-]{appendix.D}{\376\377\000Q\000u\000e\000s\000t\000i\000o\000n\000n\000a\000i\000r\000e\000\040\000o\000f\000\040\000t\000h\000e\000\040\000c\000o\000m\000p\000l\000e\000m\000e\000n\000t\000a\000r\000y\000\040\000s\000u\000r\000v\000e\000y\000s}{}% 19
\BOOKMARK [1][-]{appendix.E}{\376\377\000N\000e\000t\000\040\000g\000a\000i\000n\000s\000\040\000f\000r\000o\000m\000\040\000t\000h\000e\000\040\000G\000l\000o\000b\000a\000l\000\040\000C\000l\000i\000m\000a\000t\000e\000\040\000S\000c\000h\000e\000m\000e}{}% 20
\BOOKMARK [1][-]{appendix.F}{\376\377\000D\000e\000t\000e\000r\000m\000i\000n\000a\000n\000t\000s\000\040\000o\000f\000\040\000s\000u\000p\000p\000o\000r\000t}{}% 21
\BOOKMARK [1][-]{appendix.G}{\376\377\000R\000e\000p\000r\000e\000s\000e\000n\000t\000a\000t\000i\000v\000e\000n\000e\000s\000s\000\040\000o\000f\000\040\000t\000h\000e\000\040\000s\000u\000r\000v\000e\000y\000s}{}% 22
\BOOKMARK [1][-]{appendix.H}{\376\377\000A\000t\000t\000r\000i\000t\000i\000o\000n\000\040\000a\000n\000a\000l\000y\000s\000i\000s}{}% 23
\BOOKMARK [1][-]{section*.89}{\376\377\000B\000i\000b\000l\000i\000o\000g\000r\000a\000p\000h\000y}{}% 24
\BOOKMARK [1][-]{section*.90}{\376\377\000L\000i\000s\000t\000\040\000o\000f\000\040\000T\000a\000b\000l\000e\000s}{}% 25
\BOOKMARK [1][-]{section*.91}{\376\377\000L\000i\000s\000t\000\040\000o\000f\000\040\000F\000i\000g\000u\000r\000e\000s}{}% 26
