This is pdfTeX, Version 3.141592653-2.6-1.40.24 (TeX Live 2022) (preloaded format=pdflatex 2022.9.19)  10 OCT 2023 00:03
entering extended mode
 restricted \write18 enabled.
 file:line:error style messages enabled.
 %&-line parsing enabled.
**c:/Users/fabre/Documents/www/international_attitudes_toward_global_policies/paper/nature_supplementary.tex
(c:/Users/fabre/Documents/www/international_attitudes_toward_global_policies/paper/nature_supplementary.tex
LaTeX2e <2022-06-01> patch level 5
L3 programming layer <2022-08-30> (c:/texlive/2022/texmf-dist/tex/latex/base/article.cls
Document Class: article 2021/10/04 v1.4n Standard LaTeX document class
(c:/texlive/2022/texmf-dist/tex/latex/base/size12.clo
File: size12.clo 2021/10/04 v1.4n Standard LaTeX file (size option)
)
\c@part=\count185
\c@section=\count186
\c@subsection=\count187
\c@subsubsection=\count188
\c@paragraph=\count189
\c@subparagraph=\count190
\c@figure=\count191
\c@table=\count192
\abovecaptionskip=\skip47
\belowcaptionskip=\skip48
\bibindent=\dimen138
) (c:/texlive/2022/texmf-dist/tex/latex/base/inputenc.sty
Package: inputenc 2021/02/14 v1.3d Input encoding file
\inpenc@prehook=\toks16
\inpenc@posthook=\toks17
) (c:/texlive/2022/texmf-dist/tex/latex/tex-gyre/tgpagella.sty
Package: tgpagella 2009/09/27 v1.2 TeX Gyre Pagella as default roman family
 (c:/texlive/2022/texmf-dist/tex/latex/kvoptions/kvoptions.sty
Package: kvoptions 2022-06-15 v3.15 Key value format for package options (HO)
 (c:/texlive/2022/texmf-dist/tex/latex/graphics/keyval.sty
Package: keyval 2022/05/29 v1.15 key=value parser (DPC)
\KV@toks@=\toks18
) (c:/texlive/2022/texmf-dist/tex/generic/ltxcmds/ltxcmds.sty
Package: ltxcmds 2020-05-10 v1.25 LaTeX kernel commands for general use (HO)
) (c:/texlive/2022/texmf-dist/tex/generic/kvsetkeys/kvsetkeys.sty
Package: kvsetkeys 2019/12/15 v1.18 Key value parser (HO)
))) (c:/texlive/2022/texmf-dist/tex/latex/psnfss/mathpazo.sty
Package: mathpazo 2020/03/25 PSNFSS-v9.3 Palatino w/ Pazo Math (D.Puga, WaS) 
\symupright=\mathgroup4
) (c:/texlive/2022/texmf-dist/tex/latex/geometry/geometry.sty
Package: geometry 2020/01/02 v5.9 Page Geometry
 (c:/texlive/2022/texmf-dist/tex/generic/iftex/ifvtex.sty
Package: ifvtex 2019/10/25 v1.7 ifvtex legacy package. Use iftex instead.
 (c:/texlive/2022/texmf-dist/tex/generic/iftex/iftex.sty
Package: iftex 2022/02/03 v1.0f TeX engine tests
))
\Gm@cnth=\count193
\Gm@cntv=\count194
\c@Gm@tempcnt=\count195
\Gm@bindingoffset=\dimen139
\Gm@wd@mp=\dimen140
\Gm@odd@mp=\dimen141
\Gm@even@mp=\dimen142
\Gm@layoutwidth=\dimen143
\Gm@layoutheight=\dimen144
\Gm@layouthoffset=\dimen145
\Gm@layoutvoffset=\dimen146
\Gm@dimlist=\toks19
) (c:/texlive/2022/texmf-dist/tex/latex/natbib/natbib.sty
Package: natbib 2010/09/13 8.31b (PWD, AO)
\bibhang=\skip49
\bibsep=\skip50
LaTeX Info: Redefining \cite on input line 694.
\c@NAT@ctr=\count196
) (c:/texlive/2022/texmf-dist/tex/latex/url/url.sty
\Urlmuskip=\muskip16
Package: url 2013/09/16  ver 3.4  Verb mode for urls, etc.
) (c:/texlive/2022/texmf-dist/tex/latex/hyperref/backref.sty
Package: backref 2021/02/04 v1.41 Bibliographical back referencing
 (c:/texlive/2022/texmf-dist/tex/latex/rerunfilecheck/rerunfilecheck.sty
Package: rerunfilecheck 2022-07-10 v1.10 Rerun checks for auxiliary files (HO)
 (c:/texlive/2022/texmf-dist/tex/generic/infwarerr/infwarerr.sty
Package: infwarerr 2019/12/03 v1.5 Providing info/warning/error messages (HO)
) (c:/texlive/2022/texmf-dist/tex/generic/pdftexcmds/pdftexcmds.sty
Package: pdftexcmds 2020-06-27 v0.33 Utility functions of pdfTeX for LuaTeX (HO)
Package pdftexcmds Info: \pdf@primitive is available.
Package pdftexcmds Info: \pdf@ifprimitive is available.
Package pdftexcmds Info: \pdfdraftmode found.
) (c:/texlive/2022/texmf-dist/tex/latex/base/atveryend-ltx.sty
Package: atveryend-ltx 2020/08/19 v1.0a Emulation of the original atveryend package
with kernel methods
) (c:/texlive/2022/texmf-dist/tex/generic/uniquecounter/uniquecounter.sty
Package: uniquecounter 2019/12/15 v1.4 Provide unlimited unique counter (HO)
 (c:/texlive/2022/texmf-dist/tex/generic/bigintcalc/bigintcalc.sty
Package: bigintcalc 2019/12/15 v1.5 Expandable calculations on big integers (HO)
))
Package uniquecounter Info: New unique counter `rerunfilecheck' on input line 285.
)) (c:/texlive/2022/texmf-dist/tex/latex/hyperref/hyperref.sty
Package: hyperref 2022-06-20 v7.00s Hypertext links for LaTeX
 (c:/texlive/2022/texmf-dist/tex/generic/kvdefinekeys/kvdefinekeys.sty
Package: kvdefinekeys 2019-12-19 v1.6 Define keys (HO)
) (c:/texlive/2022/texmf-dist/tex/generic/pdfescape/pdfescape.sty
Package: pdfescape 2019/12/09 v1.15 Implements pdfTeX's escape features (HO)
) (c:/texlive/2022/texmf-dist/tex/latex/hycolor/hycolor.sty
Package: hycolor 2020-01-27 v1.10 Color options for hyperref/bookmark (HO)
) (c:/texlive/2022/texmf-dist/tex/latex/letltxmacro/letltxmacro.sty
Package: letltxmacro 2019/12/03 v1.6 Let assignment for LaTeX macros (HO)
) (c:/texlive/2022/texmf-dist/tex/latex/auxhook/auxhook.sty
Package: auxhook 2019-12-17 v1.6 Hooks for auxiliary files (HO)
) (c:/texlive/2022/texmf-dist/tex/latex/hyperref/nameref.sty
Package: nameref 2022-05-17 v2.50 Cross-referencing by name of section
 (c:/texlive/2022/texmf-dist/tex/latex/refcount/refcount.sty
Package: refcount 2019/12/15 v3.6 Data extraction from label references (HO)
) (c:/texlive/2022/texmf-dist/tex/generic/gettitlestring/gettitlestring.sty
Package: gettitlestring 2019/12/15 v1.6 Cleanup title references (HO)
)
\c@section@level=\count197
)
\@linkdim=\dimen147
\Hy@linkcounter=\count198
\Hy@pagecounter=\count199
 (c:/texlive/2022/texmf-dist/tex/latex/hyperref/pd1enc.def
File: pd1enc.def 2022-06-20 v7.00s Hyperref: PDFDocEncoding definition (HO)
Now handling font encoding PD1 ...
... no UTF-8 mapping file for font encoding PD1
) (c:/texlive/2022/texmf-dist/tex/generic/intcalc/intcalc.sty
Package: intcalc 2019/12/15 v1.3 Expandable calculations with integers (HO)
) (c:/texlive/2022/texmf-dist/tex/generic/etexcmds/etexcmds.sty
Package: etexcmds 2019/12/15 v1.7 Avoid name clashes with e-TeX commands (HO)
)
\Hy@SavedSpaceFactor=\count266
 (c:/texlive/2022/texmf-dist/tex/latex/hyperref/puenc.def
File: puenc.def 2022-06-20 v7.00s Hyperref: PDF Unicode definition (HO)
Now handling font encoding PU ...
... no UTF-8 mapping file for font encoding PU
)
Package hyperref Info: Hyper figures OFF on input line 4162.
Package hyperref Info: Link nesting OFF on input line 4167.
Package hyperref Info: Hyper index ON on input line 4170.
Package hyperref Info: Plain pages OFF on input line 4177.
Package hyperref Info: Backreferencing ON on input line 4180.
Package hyperref Info: Implicit mode ON; LaTeX internals redefined.
Package hyperref Info: Bookmarks ON on input line 4408.
\c@Hy@tempcnt=\count267
LaTeX Info: Redefining \url on input line 4746.
\XeTeXLinkMargin=\dimen148
 (c:/texlive/2022/texmf-dist/tex/generic/bitset/bitset.sty
Package: bitset 2019/12/09 v1.3 Handle bit-vector datatype (HO)
)
\Fld@menulength=\count268
\Field@Width=\dimen149
\Fld@charsize=\dimen150
Package hyperref Info: Hyper figures OFF on input line 6024.
Package hyperref Info: Link nesting OFF on input line 6029.
Package hyperref Info: Hyper index ON on input line 6032.
Package hyperref Info: backreferencing ON on input line 6037.
Package hyperref Info: Link coloring OFF on input line 6044.
Package hyperref Info: Link coloring with OCG OFF on input line 6049.
Package hyperref Info: PDF/A mode OFF on input line 6054.
 (c:/texlive/2022/texmf-dist/tex/latex/base/atbegshi-ltx.sty
Package: atbegshi-ltx 2021/01/10 v1.0c Emulation of the original atbegshi
package with kernel methods
)
\Hy@abspage=\count269
\c@Item=\count270
\c@Hfootnote=\count271
)
Package hyperref Info: Driver (autodetected): hpdftex.
 (c:/texlive/2022/texmf-dist/tex/latex/hyperref/hpdftex.def
File: hpdftex.def 2022-06-20 v7.00s Hyperref driver for pdfTeX
\Fld@listcount=\count272
\c@bookmark@seq@number=\count273
\Hy@SectionHShift=\skip51
)
Package hyperref Info: Option `colorlinks' set `true' on input line 29.
 (c:/texlive/2022/texmf-dist/tex/latex/tools/bm.sty
Package: bm 2022/01/05 v1.2f Bold Symbol Support (DPC/FMi)
\symboldoperators=\mathgroup5
\symboldletters=\mathgroup6
\symboldsymbols=\mathgroup7
Package bm Info: No bold for \OMX/zplm/m/n, using \pmb.
\symboldupright=\mathgroup8
LaTeX Font Info:    Redeclaring math alphabet \mathbf on input line 149.
) (c:/texlive/2022/texmf-dist/tex/latex/tools/indentfirst.sty
Package: indentfirst 1995/11/23 v1.03 Indent first paragraph (DPC)
) (c:/texlive/2022/texmf-dist/tex/latex/tocbibind/tocbibind.sty
Package: tocbibind 2010/10/13 v1.5k extra ToC listings
Package tocbibind Info: The document has section divisions on input line 50.


Package tocbibind Note: Using section or other style headings.

) (c:/texlive/2022/texmf-dist/tex/latex/amsmath/amsmath.sty
Package: amsmath 2022/04/08 v2.17n AMS math features
\@mathmargin=\skip52

For additional information on amsmath, use the `?' option.
(c:/texlive/2022/texmf-dist/tex/latex/amsmath/amstext.sty
Package: amstext 2021/08/26 v2.01 AMS text
 (c:/texlive/2022/texmf-dist/tex/latex/amsmath/amsgen.sty
File: amsgen.sty 1999/11/30 v2.0 generic functions
\@emptytoks=\toks20
\ex@=\dimen151
)) (c:/texlive/2022/texmf-dist/tex/latex/amsmath/amsbsy.sty
Package: amsbsy 1999/11/29 v1.2d Bold Symbols
LaTeX Info: Redefining \boldsymbol on input line 28.
\pmbraise@=\dimen152
) (c:/texlive/2022/texmf-dist/tex/latex/amsmath/amsopn.sty
Package: amsopn 2022/04/08 v2.04 operator names
)
\inf@bad=\count274
LaTeX Info: Redefining \frac on input line 234.
\uproot@=\count275
\leftroot@=\count276
LaTeX Info: Redefining \overline on input line 399.
LaTeX Info: Redefining \colon on input line 410.
\classnum@=\count277
\DOTSCASE@=\count278
LaTeX Info: Redefining \ldots on input line 496.
LaTeX Info: Redefining \dots on input line 499.
LaTeX Info: Redefining \cdots on input line 620.
\Mathstrutbox@=\box51
\strutbox@=\box52
LaTeX Info: Redefining \big on input line 722.
LaTeX Info: Redefining \Big on input line 723.
LaTeX Info: Redefining \bigg on input line 724.
LaTeX Info: Redefining \Bigg on input line 725.
\big@size=\dimen153
LaTeX Font Info:    Redeclaring font encoding OML on input line 743.
LaTeX Font Info:    Redeclaring font encoding OMS on input line 744.
\macc@depth=\count279
LaTeX Info: Redefining \bmod on input line 905.
LaTeX Info: Redefining \pmod on input line 910.
LaTeX Info: Redefining \smash on input line 940.
LaTeX Info: Redefining \relbar on input line 970.
LaTeX Info: Redefining \Relbar on input line 971.
\c@MaxMatrixCols=\count280
\dotsspace@=\muskip17
\c@parentequation=\count281
\dspbrk@lvl=\count282
\tag@help=\toks21
\row@=\count283
\column@=\count284
\maxfields@=\count285
\andhelp@=\toks22
\eqnshift@=\dimen154
\alignsep@=\dimen155
\tagshift@=\dimen156
\tagwidth@=\dimen157
\totwidth@=\dimen158
\lineht@=\dimen159
\@envbody=\toks23
\multlinegap=\skip53
\multlinetaggap=\skip54
\mathdisplay@stack=\toks24
LaTeX Info: Redefining \[ on input line 2953.
LaTeX Info: Redefining \] on input line 2954.
) (c:/texlive/2022/texmf-dist/tex/latex/tcolorbox/tcolorbox.sty
Package: tcolorbox 2022/06/24 version 5.1.1 text color boxes
 (c:/texlive/2022/texmf-dist/tex/latex/pgf/basiclayer/pgf.sty (c:/texlive/2022/texmf-dist/tex/latex/pgf/utilities/pgfrcs.sty (c:/texlive/2022/texmf-dist/tex/generic/pgf/utilities/pgfutil-common.tex
\pgfutil@everybye=\toks25
\pgfutil@tempdima=\dimen160
\pgfutil@tempdimb=\dimen161
 (c:/texlive/2022/texmf-dist/tex/generic/pgf/utilities/pgfutil-common-lists.tex)) (c:/texlive/2022/texmf-dist/tex/generic/pgf/utilities/pgfutil-latex.def
\pgfutil@abb=\box53
) (c:/texlive/2022/texmf-dist/tex/generic/pgf/utilities/pgfrcs.code.tex (c:/texlive/2022/texmf-dist/tex/generic/pgf/pgf.revision.tex)
Package: pgfrcs 2021/05/15 v3.1.9a (3.1.9a)
))
Package: pgf 2021/05/15 v3.1.9a (3.1.9a)
 (c:/texlive/2022/texmf-dist/tex/latex/pgf/basiclayer/pgfcore.sty (c:/texlive/2022/texmf-dist/tex/latex/graphics/graphicx.sty
Package: graphicx 2021/09/16 v1.2d Enhanced LaTeX Graphics (DPC,SPQR)
 (c:/texlive/2022/texmf-dist/tex/latex/graphics/graphics.sty
Package: graphics 2022/03/10 v1.4e Standard LaTeX Graphics (DPC,SPQR)
 (c:/texlive/2022/texmf-dist/tex/latex/graphics/trig.sty
Package: trig 2021/08/11 v1.11 sin cos tan (DPC)
) (c:/texlive/2022/texmf-dist/tex/latex/graphics-cfg/graphics.cfg
File: graphics.cfg 2016/06/04 v1.11 sample graphics configuration
)
Package graphics Info: Driver file: pdftex.def on input line 107.
 (c:/texlive/2022/texmf-dist/tex/latex/graphics-def/pdftex.def
File: pdftex.def 2020/10/05 v1.2a Graphics/color driver for pdftex
))
\Gin@req@height=\dimen162
\Gin@req@width=\dimen163
) (c:/texlive/2022/texmf-dist/tex/latex/pgf/systemlayer/pgfsys.sty (c:/texlive/2022/texmf-dist/tex/generic/pgf/systemlayer/pgfsys.code.tex
Package: pgfsys 2021/05/15 v3.1.9a (3.1.9a)
 (c:/texlive/2022/texmf-dist/tex/generic/pgf/utilities/pgfkeys.code.tex
\pgfkeys@pathtoks=\toks26
\pgfkeys@temptoks=\toks27
 (c:/texlive/2022/texmf-dist/tex/generic/pgf/utilities/pgfkeysfiltered.code.tex
\pgfkeys@tmptoks=\toks28
))
\pgf@x=\dimen164
\pgf@y=\dimen165
\pgf@xa=\dimen166
\pgf@ya=\dimen167
\pgf@xb=\dimen168
\pgf@yb=\dimen169
\pgf@xc=\dimen170
\pgf@yc=\dimen171
\pgf@xd=\dimen172
\pgf@yd=\dimen173
\w@pgf@writea=\write3
\r@pgf@reada=\read2
\c@pgf@counta=\count286
\c@pgf@countb=\count287
\c@pgf@countc=\count288
\c@pgf@countd=\count289
\t@pgf@toka=\toks29
\t@pgf@tokb=\toks30
\t@pgf@tokc=\toks31
\pgf@sys@id@count=\count290
 (c:/texlive/2022/texmf-dist/tex/generic/pgf/systemlayer/pgf.cfg
File: pgf.cfg 2021/05/15 v3.1.9a (3.1.9a)
)
Driver file for pgf: pgfsys-pdftex.def
 (c:/texlive/2022/texmf-dist/tex/generic/pgf/systemlayer/pgfsys-pdftex.def
File: pgfsys-pdftex.def 2021/05/15 v3.1.9a (3.1.9a)
 (c:/texlive/2022/texmf-dist/tex/generic/pgf/systemlayer/pgfsys-common-pdf.def
File: pgfsys-common-pdf.def 2021/05/15 v3.1.9a (3.1.9a)
))) (c:/texlive/2022/texmf-dist/tex/generic/pgf/systemlayer/pgfsyssoftpath.code.tex
File: pgfsyssoftpath.code.tex 2021/05/15 v3.1.9a (3.1.9a)
\pgfsyssoftpath@smallbuffer@items=\count291
\pgfsyssoftpath@bigbuffer@items=\count292
) (c:/texlive/2022/texmf-dist/tex/generic/pgf/systemlayer/pgfsysprotocol.code.tex
File: pgfsysprotocol.code.tex 2021/05/15 v3.1.9a (3.1.9a)
)) (c:/texlive/2022/texmf-dist/tex/latex/xcolor/xcolor.sty
Package: xcolor 2022/06/12 v2.14 LaTeX color extensions (UK)
 (c:/texlive/2022/texmf-dist/tex/latex/graphics-cfg/color.cfg
File: color.cfg 2016/01/02 v1.6 sample color configuration
)
Package xcolor Info: Driver file: pdftex.def on input line 227.
 (c:/texlive/2022/texmf-dist/tex/latex/graphics/mathcolor.ltx)
Package xcolor Info: Model `cmy' substituted by `cmy0' on input line 1353.
Package xcolor Info: Model `hsb' substituted by `rgb' on input line 1357.
Package xcolor Info: Model `RGB' extended on input line 1369.
Package xcolor Info: Model `HTML' substituted by `rgb' on input line 1371.
Package xcolor Info: Model `Hsb' substituted by `hsb' on input line 1372.
Package xcolor Info: Model `tHsb' substituted by `hsb' on input line 1373.
Package xcolor Info: Model `HSB' substituted by `hsb' on input line 1374.
Package xcolor Info: Model `Gray' substituted by `gray' on input line 1375.
Package xcolor Info: Model `wave' substituted by `hsb' on input line 1376.
) (c:/texlive/2022/texmf-dist/tex/generic/pgf/basiclayer/pgfcore.code.tex
Package: pgfcore 2021/05/15 v3.1.9a (3.1.9a)
 (c:/texlive/2022/texmf-dist/tex/generic/pgf/math/pgfmath.code.tex (c:/texlive/2022/texmf-dist/tex/generic/pgf/math/pgfmathcalc.code.tex (c:/texlive/2022/texmf-dist/tex/generic/pgf/math/pgfmathutil.code.tex) (c:/texlive/2022/texmf-dist/tex/generic/pgf/math/pgfmathparser.code.tex
\pgfmath@dimen=\dimen174
\pgfmath@count=\count293
\pgfmath@box=\box54
\pgfmath@toks=\toks32
\pgfmath@stack@operand=\toks33
\pgfmath@stack@operation=\toks34
) (c:/texlive/2022/texmf-dist/tex/generic/pgf/math/pgfmathfunctions.code.tex (c:/texlive/2022/texmf-dist/tex/generic/pgf/math/pgfmathfunctions.basic.code.tex) (c:/texlive/2022/texmf-dist/tex/generic/pgf/math/pgfmathfunctions.trigonometric.code.tex) (c:/texlive/2022/texmf-dist/tex/generic/pgf/math/pgfmathfunctions.random.code.tex) (c:/texlive/2022/texmf-dist/tex/generic/pgf/math/pgfmathfunctions.comparison.code.tex) (c:/texlive/2022/texmf-dist/tex/generic/pgf/math/pgfmathfunctions.base.code.tex) (c:/texlive/2022/texmf-dist/tex/generic/pgf/math/pgfmathfunctions.round.code.tex) (c:/texlive/2022/texmf-dist/tex/generic/pgf/math/pgfmathfunctions.misc.code.tex) (c:/texlive/2022/texmf-dist/tex/generic/pgf/math/pgfmathfunctions.integerarithmetics.code.tex))) (c:/texlive/2022/texmf-dist/tex/generic/pgf/math/pgfmathfloat.code.tex
\c@pgfmathroundto@lastzeros=\count294
)) (c:/texlive/2022/texmf-dist/tex/generic/pgf/math/pgfint.code.tex) (c:/texlive/2022/texmf-dist/tex/generic/pgf/basiclayer/pgfcorepoints.code.tex
File: pgfcorepoints.code.tex 2021/05/15 v3.1.9a (3.1.9a)
\pgf@picminx=\dimen175
\pgf@picmaxx=\dimen176
\pgf@picminy=\dimen177
\pgf@picmaxy=\dimen178
\pgf@pathminx=\dimen179
\pgf@pathmaxx=\dimen180
\pgf@pathminy=\dimen181
\pgf@pathmaxy=\dimen182
\pgf@xx=\dimen183
\pgf@xy=\dimen184
\pgf@yx=\dimen185
\pgf@yy=\dimen186
\pgf@zx=\dimen187
\pgf@zy=\dimen188
LaTeX Font Info:    Trying to load font information for OT1+qpl on input line 926.
 (c:/texlive/2022/texmf-dist/tex/latex/tex-gyre/ot1qpl.fd
File: ot1qpl.fd 2009/09/25 v1.2 font definition file for OT1/qpl
)) (c:/texlive/2022/texmf-dist/tex/generic/pgf/basiclayer/pgfcorepathconstruct.code.tex
File: pgfcorepathconstruct.code.tex 2021/05/15 v3.1.9a (3.1.9a)
\pgf@path@lastx=\dimen189
\pgf@path@lasty=\dimen190
) (c:/texlive/2022/texmf-dist/tex/generic/pgf/basiclayer/pgfcorepathusage.code.tex
File: pgfcorepathusage.code.tex 2021/05/15 v3.1.9a (3.1.9a)
\pgf@shorten@end@additional=\dimen191
\pgf@shorten@start@additional=\dimen192
) (c:/texlive/2022/texmf-dist/tex/generic/pgf/basiclayer/pgfcorescopes.code.tex
File: pgfcorescopes.code.tex 2021/05/15 v3.1.9a (3.1.9a)
\pgfpic=\box55
\pgf@hbox=\box56
\pgf@layerbox@main=\box57
\pgf@picture@serial@count=\count295
) (c:/texlive/2022/texmf-dist/tex/generic/pgf/basiclayer/pgfcoregraphicstate.code.tex
File: pgfcoregraphicstate.code.tex 2021/05/15 v3.1.9a (3.1.9a)
\pgflinewidth=\dimen193
) (c:/texlive/2022/texmf-dist/tex/generic/pgf/basiclayer/pgfcoretransformations.code.tex
File: pgfcoretransformations.code.tex 2021/05/15 v3.1.9a (3.1.9a)
\pgf@pt@x=\dimen194
\pgf@pt@y=\dimen195
\pgf@pt@temp=\dimen196
) (c:/texlive/2022/texmf-dist/tex/generic/pgf/basiclayer/pgfcorequick.code.tex
File: pgfcorequick.code.tex 2021/05/15 v3.1.9a (3.1.9a)
) (c:/texlive/2022/texmf-dist/tex/generic/pgf/basiclayer/pgfcoreobjects.code.tex
File: pgfcoreobjects.code.tex 2021/05/15 v3.1.9a (3.1.9a)
) (c:/texlive/2022/texmf-dist/tex/generic/pgf/basiclayer/pgfcorepathprocessing.code.tex
File: pgfcorepathprocessing.code.tex 2021/05/15 v3.1.9a (3.1.9a)
) (c:/texlive/2022/texmf-dist/tex/generic/pgf/basiclayer/pgfcorearrows.code.tex
File: pgfcorearrows.code.tex 2021/05/15 v3.1.9a (3.1.9a)
\pgfarrowsep=\dimen197
) (c:/texlive/2022/texmf-dist/tex/generic/pgf/basiclayer/pgfcoreshade.code.tex
File: pgfcoreshade.code.tex 2021/05/15 v3.1.9a (3.1.9a)
\pgf@max=\dimen198
\pgf@sys@shading@range@num=\count296
\pgf@shadingcount=\count297
) (c:/texlive/2022/texmf-dist/tex/generic/pgf/basiclayer/pgfcoreimage.code.tex
File: pgfcoreimage.code.tex 2021/05/15 v3.1.9a (3.1.9a)
 (c:/texlive/2022/texmf-dist/tex/generic/pgf/basiclayer/pgfcoreexternal.code.tex
File: pgfcoreexternal.code.tex 2021/05/15 v3.1.9a (3.1.9a)
\pgfexternal@startupbox=\box58
)) (c:/texlive/2022/texmf-dist/tex/generic/pgf/basiclayer/pgfcorelayers.code.tex
File: pgfcorelayers.code.tex 2021/05/15 v3.1.9a (3.1.9a)
) (c:/texlive/2022/texmf-dist/tex/generic/pgf/basiclayer/pgfcoretransparency.code.tex
File: pgfcoretransparency.code.tex 2021/05/15 v3.1.9a (3.1.9a)
) (c:/texlive/2022/texmf-dist/tex/generic/pgf/basiclayer/pgfcorepatterns.code.tex
File: pgfcorepatterns.code.tex 2021/05/15 v3.1.9a (3.1.9a)
) (c:/texlive/2022/texmf-dist/tex/generic/pgf/basiclayer/pgfcorerdf.code.tex
File: pgfcorerdf.code.tex 2021/05/15 v3.1.9a (3.1.9a)
))) (c:/texlive/2022/texmf-dist/tex/generic/pgf/modules/pgfmoduleshapes.code.tex
File: pgfmoduleshapes.code.tex 2021/05/15 v3.1.9a (3.1.9a)
\pgfnodeparttextbox=\box59
) (c:/texlive/2022/texmf-dist/tex/generic/pgf/modules/pgfmoduleplot.code.tex
File: pgfmoduleplot.code.tex 2021/05/15 v3.1.9a (3.1.9a)
) (c:/texlive/2022/texmf-dist/tex/latex/pgf/compatibility/pgfcomp-version-0-65.sty
Package: pgfcomp-version-0-65 2021/05/15 v3.1.9a (3.1.9a)
\pgf@nodesepstart=\dimen199
\pgf@nodesepend=\dimen256
) (c:/texlive/2022/texmf-dist/tex/latex/pgf/compatibility/pgfcomp-version-1-18.sty
Package: pgfcomp-version-1-18 2021/05/15 v3.1.9a (3.1.9a)
)) (c:/texlive/2022/texmf-dist/tex/latex/tools/verbatim.sty
Package: verbatim 2020-07-07 v1.5u LaTeX2e package for verbatim enhancements
\every@verbatim=\toks35
\verbatim@line=\toks36
\verbatim@in@stream=\read3
) (c:/texlive/2022/texmf-dist/tex/latex/environ/environ.sty
Package: environ 2014/05/04 v0.3 A new way to define environments
 (c:/texlive/2022/texmf-dist/tex/latex/trimspaces/trimspaces.sty
Package: trimspaces 2009/09/17 v1.1 Trim spaces around a token list
)) (c:/texlive/2022/texmf-dist/tex/latex/etoolbox/etoolbox.sty
Package: etoolbox 2020/10/05 v2.5k e-TeX tools for LaTeX (JAW)
\etb@tempcnta=\count298
)
\tcb@titlebox=\box60
\tcb@upperbox=\box61
\tcb@lowerbox=\box62
\tcb@phantombox=\box63
\c@tcbbreakpart=\count299
\c@tcblayer=\count300
\c@tcolorbox@number=\count301
\tcb@temp=\box64
\tcb@temp=\box65
\tcb@temp=\box66
\tcb@temp=\box67
) (c:/texlive/2022/texmf-dist/tex/latex/amsfonts/amssymb.sty
Package: amssymb 2013/01/14 v3.01 AMS font symbols
 (c:/texlive/2022/texmf-dist/tex/latex/amsfonts/amsfonts.sty
Package: amsfonts 2013/01/14 v3.01 Basic AMSFonts support
\symAMSa=\mathgroup9
\symAMSb=\mathgroup10
LaTeX Font Info:    Redeclaring math symbol \hbar on input line 98.
LaTeX Font Info:    Overwriting math alphabet `\mathfrak' in version `bold'
(Font)                  U/euf/m/n --> U/euf/b/n on input line 106.
)) (c:/texlive/2022/texmf-dist/tex/latex/eurosym/eurosym.sty
Package: eurosym 1998/08/06 v1.1 European currency symbol ``Euro''
\@eurobox=\box68
) (c:/texlive/2022/texmf-dist/tex/latex/tools/enumerate.sty
Package: enumerate 2015/07/23 v3.00 enumerate extensions (DPC)
\@enLab=\toks37
) (c:/texlive/2022/texmf-dist/tex/generic/babel/babel.sty
Package: babel 2022/08/29 3.79 The Babel package
\babel@savecnt=\count302
\U@D=\dimen257
\l@unhyphenated=\language87
 (c:/texlive/2022/texmf-dist/tex/generic/babel/txtbabel.def)
\bbl@readstream=\read4
\bbl@dirlevel=\count303
 (c:/texlive/2022/texmf-dist/tex/generic/babel-english/english.ldf
Language: english 2017/06/06 v3.3r English support from the babel system
Package babel Info: Hyphen rules for 'canadian' set to \l@english
(babel)             (\language0). Reported on input line 102.
Package babel Info: Hyphen rules for 'australian' set to \l@ukenglish
(babel)             (\language21). Reported on input line 105.
Package babel Info: Hyphen rules for 'newzealand' set to \l@ukenglish
(babel)             (\language21). Reported on input line 108.
)) (c:/texlive/2022/texmf-dist/tex/generic/babel/locale/en/babel-english.tex
Package babel Info: Importing font and identification data for english
(babel)             from babel-en.ini. Reported on input line 11.
) (c:/texlive/2022/texmf-dist/tex/latex/caption/caption.sty
Package: caption 2022/03/01 v3.6b Customizing captions (AR)
 (c:/texlive/2022/texmf-dist/tex/latex/caption/caption3.sty
Package: caption3 2022/03/17 v2.3b caption3 kernel (AR)
\caption@tempdima=\dimen258
\captionmargin=\dimen259
\caption@leftmargin=\dimen260
\caption@rightmargin=\dimen261
\caption@width=\dimen262
\caption@indent=\dimen263
\caption@parindent=\dimen264
\caption@hangindent=\dimen265
Package caption Info: Standard document class detected.
)
\c@caption@flags=\count304
\c@continuedfloat=\count305
Package caption Info: hyperref package is loaded.
) (c:/texlive/2022/texmf-dist/tex/latex/supertabular/supertabular.sty
Package: supertabular 2020/02/02 v4.1g the supertabular environment
\c@tracingst=\count306
\ST@wd=\dimen266
\ST@rightskip=\skip55
\ST@leftskip=\skip56
\ST@parfillskip=\skip57
\ST@pageleft=\dimen267
\ST@headht=\dimen268
\ST@tailht=\dimen269
\ST@pagesofar=\dimen270
\ST@pboxht=\dimen271
\ST@lineht=\dimen272
\ST@prevht=\dimen273
\ST@toadd=\dimen274
\ST@dimen=\dimen275
\ST@pbox=\box69
) (c:/texlive/2022/texmf-dist/tex/latex/tools/tabularx.sty
Package: tabularx 2020/01/15 v2.11c `tabularx' package (DPC)
 (c:/texlive/2022/texmf-dist/tex/latex/tools/array.sty
Package: array 2022/03/10 v2.5f Tabular extension package (FMi)
\col@sep=\dimen276
\ar@mcellbox=\box70
\extrarowheight=\dimen277
\NC@list=\toks38
\extratabsurround=\skip58
\backup@length=\skip59
\ar@cellbox=\box71
)
\TX@col@width=\dimen278
\TX@old@table=\dimen279
\TX@old@col=\dimen280
\TX@target=\dimen281
\TX@delta=\dimen282
\TX@cols=\count307
\TX@ftn=\toks39
) (c:/texlive/2022/texmf-dist/tex/latex/float/float.sty
Package: float 2001/11/08 v1.3d Float enhancements (AL)
\c@float@type=\count308
\float@exts=\toks40
\float@box=\box72
\@float@everytoks=\toks41
\@floatcapt=\box73
) (c:/texlive/2022/texmf-dist/tex/latex/doublestroke/dsfont.sty
Package: dsfont 1995/08/01 v0.1 Double stroke roman fonts
) (c:/texlive/2022/texmf-dist/tex/latex/fancyvrb/fancyvrb.sty
Package: fancyvrb 2022/06/06 4.5 verbatim text (tvz,hv)
\FV@CodeLineNo=\count309
\FV@InFile=\read5
\FV@TabBox=\box74
\c@FancyVerbLine=\count310
\FV@StepNumber=\count311
\FV@OutFile=\write4
) (c:/texlive/2022/texmf-dist/tex/latex/enumitem/enumitem.sty
Package: enumitem 2019/06/20 v3.9 Customized lists
\labelindent=\skip60
\enit@outerparindent=\dimen283
\enit@toks=\toks42
\enit@inbox=\box75
\enit@count@id=\count312
\enitdp@description=\count313
) (c:/texlive/2022/texmf-dist/tex/latex/setspace/setspace.sty
Package: setspace 2011/12/19 v6.7a set line spacing
) (c:/texlive/2022/texmf-dist/tex/latex/comment/comment.sty
\CommentStream=\write5
 Excluding comment 'comment') (c:/texlive/2022/texmf-dist/tex/latex/caption/subcaption.sty
Package: subcaption 2022/01/07 v1.5 Sub-captions (AR)
\c@subfigure=\count314
\c@subtable=\count315
) (c:/texlive/2022/texmf-dist/tex/latex/pgf/frontendlayer/tikz.sty (c:/texlive/2022/texmf-dist/tex/latex/pgf/utilities/pgffor.sty (c:/texlive/2022/texmf-dist/tex/latex/pgf/utilities/pgfkeys.sty (c:/texlive/2022/texmf-dist/tex/generic/pgf/utilities/pgfkeys.code.tex)) (c:/texlive/2022/texmf-dist/tex/latex/pgf/math/pgfmath.sty (c:/texlive/2022/texmf-dist/tex/generic/pgf/math/pgfmath.code.tex)) (c:/texlive/2022/texmf-dist/tex/generic/pgf/utilities/pgffor.code.tex
Package: pgffor 2021/05/15 v3.1.9a (3.1.9a)
 (c:/texlive/2022/texmf-dist/tex/generic/pgf/math/pgfmath.code.tex)
\pgffor@iter=\dimen284
\pgffor@skip=\dimen285
\pgffor@stack=\toks43
\pgffor@toks=\toks44
)) (c:/texlive/2022/texmf-dist/tex/generic/pgf/frontendlayer/tikz/tikz.code.tex
Package: tikz 2021/05/15 v3.1.9a (3.1.9a)
 (c:/texlive/2022/texmf-dist/tex/generic/pgf/libraries/pgflibraryplothandlers.code.tex
File: pgflibraryplothandlers.code.tex 2021/05/15 v3.1.9a (3.1.9a)
\pgf@plot@mark@count=\count316
\pgfplotmarksize=\dimen286
)
\tikz@lastx=\dimen287
\tikz@lasty=\dimen288
\tikz@lastxsaved=\dimen289
\tikz@lastysaved=\dimen290
\tikz@lastmovetox=\dimen291
\tikz@lastmovetoy=\dimen292
\tikzleveldistance=\dimen293
\tikzsiblingdistance=\dimen294
\tikz@figbox=\box76
\tikz@figbox@bg=\box77
\tikz@tempbox=\box78
\tikz@tempbox@bg=\box79
\tikztreelevel=\count317
\tikznumberofchildren=\count318
\tikznumberofcurrentchild=\count319
\tikz@fig@count=\count320
 (c:/texlive/2022/texmf-dist/tex/generic/pgf/modules/pgfmodulematrix.code.tex
File: pgfmodulematrix.code.tex 2021/05/15 v3.1.9a (3.1.9a)
\pgfmatrixcurrentrow=\count321
\pgfmatrixcurrentcolumn=\count322
\pgf@matrix@numberofcolumns=\count323
)
\tikz@expandcount=\count324
 (c:/texlive/2022/texmf-dist/tex/generic/pgf/frontendlayer/tikz/libraries/tikzlibrarytopaths.code.tex
File: tikzlibrarytopaths.code.tex 2021/05/15 v3.1.9a (3.1.9a)
))) (c:/texlive/2022/texmf-dist/tex/latex/was/gensymb.sty
Package: gensymb 2003/07/02 v1.0 (WaS)
) (c:/texlive/2022/texmf-dist/tex/latex/base/textcomp.sty
Package: textcomp 2020/02/02 v2.0n Standard LaTeX package
) (c:/texlive/2022/texmf-dist/tex/latex/tabulary/tabulary.sty
Package: tabulary 2014/06/11 v0.10 tabulary package (DPC)
\TY@count=\count325
\TY@linewidth=\dimen295
\tymin=\dimen296
\tymax=\dimen297
\TY@tablewidth=\dimen298
) (c:/texlive/2022/texmf-dist/tex/latex/booktabs/booktabs.sty
Package: booktabs 2020/01/12 v1.61803398 Publication quality tables
\heavyrulewidth=\dimen299
\lightrulewidth=\dimen300
\cmidrulewidth=\dimen301
\belowrulesep=\dimen302
\belowbottomsep=\dimen303
\aboverulesep=\dimen304
\abovetopsep=\dimen305
\cmidrulesep=\dimen306
\cmidrulekern=\dimen307
\defaultaddspace=\dimen308
\@cmidla=\count326
\@cmidlb=\count327
\@aboverulesep=\dimen309
\@belowrulesep=\dimen310
\@thisruleclass=\count328
\@lastruleclass=\count329
\@thisrulewidth=\dimen311
) (c:/texlive/2022/texmf-dist/tex/latex/preprint/fullpage.sty
Package: fullpage 1999/02/23 1.1 (PWD)
\FP@margin=\skip61
) (c:/texlive/2022/texmf-dist/tex/latex/morefloats/morefloats.sty
Package: morefloats 2015/07/22 v1.0h Raise limit of unprocessed floats (HMM)
Package morefloats Info: Maximum number of possible floats asked for: 36
(morefloats)             (i.e. 18 more floats).
(morefloats)             LaTeX might run out of memory before this
(morefloats)             (in which case it will notify you).
) (c:/texlive/2022/texmf-dist/tex/latex/makecell/makecell.sty
Package: makecell 2009/08/03 V0.1e Managing of Tab Column Heads and Cells
\rotheadsize=\dimen312
\c@nlinenum=\count330
\TeXr@lab=\toks45
) (c:/texlive/2022/texmf-dist/tex/latex/graphics/lscape.sty
Package: lscape 2020/05/28 v3.02 Landscape Pages (DPC)
) (c:/texlive/2022/texmf-dist/tex/latex/pdflscape/pdflscape.sty
Package: pdflscape 2019/12/05 v0.12 Display of landscape pages in PDF (HO)
Package pdflscape Info: Auto-detected driver: pdftex on input line 81.
) (c:/texlive/2022/texmf-dist/tex/latex/tools/longtable.sty
Package: longtable 2021-09-01 v4.17 Multi-page Table package (DPC)
\LTleft=\skip62
\LTright=\skip63
\LTpre=\skip64
\LTpost=\skip65
\LTchunksize=\count331
\LTcapwidth=\dimen313
\LT@head=\box80
\LT@firsthead=\box81
\LT@foot=\box82
\LT@lastfoot=\box83
\LT@gbox=\box84
\LT@cols=\count332
\LT@rows=\count333
\c@LT@tables=\count334
\c@LT@chunks=\count335
\LT@p@ftn=\toks46
) (c:/texlive/2022/texmf-dist/tex/latex/graphics/rotating.sty
Package: rotating 2016/08/11 v2.16d rotated objects in LaTeX
 (c:/texlive/2022/texmf-dist/tex/latex/base/ifthen.sty
Package: ifthen 2022/04/13 v1.1d Standard LaTeX ifthen package (DPC)
)
\c@r@tfl@t=\count336
\rotFPtop=\skip66
\rotFPbot=\skip67
\rot@float@box=\box85
\rot@mess@toks=\toks47
) (c:/texlive/2022/texmf-dist/tex/latex/fancyhdr/fancyhdr.sty
Package: fancyhdr 2022/05/18 v4.0.3 Extensive control of page headers and footers
\f@nch@headwidth=\skip68
\f@nch@O@elh=\skip69
\f@nch@O@erh=\skip70
\f@nch@O@olh=\skip71
\f@nch@O@orh=\skip72
\f@nch@O@elf=\skip73
\f@nch@O@erf=\skip74
\f@nch@O@olf=\skip75
\f@nch@O@orf=\skip76
) (c:/texlive/2022/texmf-dist/tex/latex/tocloft/tocloft.sty
Package: tocloft 2017/08/31 v2.3i parameterised ToC, etc., typesetting
Package tocloft Info: The document has section divisions on input line 51.
\cftparskip=\skip77
\cftbeforetoctitleskip=\skip78
\cftaftertoctitleskip=\skip79
\cftbeforepartskip=\skip80
\cftpartnumwidth=\skip81
\cftpartindent=\skip82
\cftbeforesecskip=\skip83
\cftsecindent=\skip84
\cftsecnumwidth=\skip85
\cftbeforesubsecskip=\skip86
\cftsubsecindent=\skip87
\cftsubsecnumwidth=\skip88
\cftbeforesubsubsecskip=\skip89
\cftsubsubsecindent=\skip90
\cftsubsubsecnumwidth=\skip91
\cftbeforeparaskip=\skip92
\cftparaindent=\skip93
\cftparanumwidth=\skip94
\cftbeforesubparaskip=\skip95
\cftsubparaindent=\skip96
\cftsubparanumwidth=\skip97
\cftbeforeloftitleskip=\skip98
\cftafterloftitleskip=\skip99
\cftbeforefigskip=\skip100
\cftfigindent=\skip101
\cftfignumwidth=\skip102
\c@lofdepth=\count337
\c@lotdepth=\count338
\cftbeforelottitleskip=\skip103
\cftafterlottitleskip=\skip104
\cftbeforetabskip=\skip105
\cfttabindent=\skip106
\cfttabnumwidth=\skip107
) (c:/texlive/2022/texmf-dist/tex/latex/titlesec/titletoc.sty
Package: titletoc 2021/07/05 v2.14 TOC entries
\ttl@leftsep=\dimen314
) (c:/texlive/2022/texmf-dist/tex/latex/adjustbox/adjustbox.sty
Package: adjustbox 2020/08/19 v1.3 Adjusting TeX boxes (trim, clip, ...)
 (c:/texlive/2022/texmf-dist/tex/latex/xkeyval/xkeyval.sty
Package: xkeyval 2022/06/16 v2.9 package option processing (HA)
 (c:/texlive/2022/texmf-dist/tex/generic/xkeyval/xkeyval.tex (c:/texlive/2022/texmf-dist/tex/generic/xkeyval/xkvutils.tex
\XKV@toks=\toks48
\XKV@tempa@toks=\toks49
)
\XKV@depth=\count339
File: xkeyval.tex 2014/12/03 v2.7a key=value parser (HA)
)) (c:/texlive/2022/texmf-dist/tex/latex/adjustbox/adjcalc.sty
Package: adjcalc 2012/05/16 v1.1 Provides advanced setlength with multiple back-ends (calc, etex, pgfmath)
) (c:/texlive/2022/texmf-dist/tex/latex/adjustbox/trimclip.sty
Package: trimclip 2020/08/19 v1.2 Trim and clip general TeX material
 (c:/texlive/2022/texmf-dist/tex/latex/collectbox/collectbox.sty
Package: collectbox 2012/05/17 v0.4b Collect macro arguments as boxes
\collectedbox=\box86
)
\tc@llx=\dimen315
\tc@lly=\dimen316
\tc@urx=\dimen317
\tc@ury=\dimen318
Package trimclip Info: Using driver 'tc-pdftex.def'.
 (c:/texlive/2022/texmf-dist/tex/latex/adjustbox/tc-pdftex.def
File: tc-pdftex.def 2019/01/04 v2.2 Clipping driver for pdftex
))
\adjbox@Width=\dimen319
\adjbox@Height=\dimen320
\adjbox@Depth=\dimen321
\adjbox@Totalheight=\dimen322
\adjbox@pwidth=\dimen323
\adjbox@pheight=\dimen324
\adjbox@pdepth=\dimen325
\adjbox@ptotalheight=\dimen326
 (c:/texlive/2022/texmf-dist/tex/latex/ifoddpage/ifoddpage.sty
Package: ifoddpage 2016/04/23 v1.1 Conditionals for odd/even page detection
\c@checkoddpage=\count340
) (c:/texlive/2022/texmf-dist/tex/latex/varwidth/varwidth.sty
Package: varwidth 2009/03/30 ver 0.92;  Variable-width minipages
\@vwid@box=\box87
\sift@deathcycles=\count341
\@vwid@loff=\dimen327
\@vwid@roff=\dimen328
)) (c:/texlive/2022/texmf-dist/tex/latex/breakurl/breakurl.sty
Package: breakurl 2013/04/10 v1.40 Breakable hyperref URLs
 (c:/texlive/2022/texmf-dist/tex/generic/iftex/ifpdf.sty
Package: ifpdf 2019/10/25 v3.4 ifpdf legacy package. Use iftex instead.
)

Package breakurl Warning: You are using breakurl while processing via pdflatex.
(breakurl)                \burl will be just a synonym of \url.
(breakurl)                 on input line 48.

) (c:/texlive/2022/texmf-dist/tex/latex/tools/multicol.sty
Package: multicol 2021/11/30 v1.9d multicolumn formatting (FMi)
\c@tracingmulticols=\count342
\mult@box=\box88
\multicol@leftmargin=\dimen329
\c@unbalance=\count343
\c@collectmore=\count344
\doublecol@number=\count345
\multicoltolerance=\count346
\multicolpretolerance=\count347
\full@width=\dimen330
\page@free=\dimen331
\premulticols=\dimen332
\postmulticols=\dimen333
\multicolsep=\skip108
\multicolbaselineskip=\skip109
\partial@page=\box89
\last@line=\box90
\maxbalancingoverflow=\dimen334
\mult@rightbox=\box91
\mult@grightbox=\box92
\mult@firstbox=\box93
\mult@gfirstbox=\box94
\@tempa=\box95
\@tempa=\box96
\@tempa=\box97
\@tempa=\box98
\@tempa=\box99
\@tempa=\box100
\@tempa=\box101
\@tempa=\box102
\@tempa=\box103
\@tempa=\box104
\@tempa=\box105
\@tempa=\box106
\@tempa=\box107
\@tempa=\box108
\@tempa=\box109
\@tempa=\box110
\@tempa=\box111
\@tempa=\box112
\@tempa=\box113
\@tempa=\box114
\@tempa=\box115
\@tempa=\box116
\@tempa=\box117
\@tempa=\box118
\@tempa=\box119
\@tempa=\box120
\@tempa=\box121
\@tempa=\box122
\@tempa=\box123
\@tempa=\box124
\@tempa=\box125
\@tempa=\box126
\@tempa=\box127
\@tempa=\box128
\@tempa=\box129
\@tempa=\box130
\c@minrows=\count348
\c@columnbadness=\count349
\c@finalcolumnbadness=\count350
\last@try=\dimen335
\multicolovershoot=\dimen336
\multicolundershoot=\dimen337
\mult@nat@firstbox=\box131
\colbreak@box=\box132
\mc@col@check@num=\count351
)
\ltmcbox=\box133
LaTeX Font Info:    Trying to load font information for OT1+ppl on input line 93.
 (c:/texlive/2022/texmf-dist/tex/latex/psnfss/ot1ppl.fd
File: ot1ppl.fd 2001/06/04 font definitions for OT1/ppl.
) (c:/texlive/2022/texmf-dist/tex/latex/l3backend/l3backend-pdftex.def
File: l3backend-pdftex.def 2022-08-30 L3 backend support: PDF output (pdfTeX)
\l__color_backend_stack_int=\count352
\l__pdf_internal_box=\box134
) (build/nature_supplementary.aux

LaTeX Warning: Label `subsubsec:literature_wealth_tax' multiply defined.


LaTeX Warning: Label `q:conjoint_d' multiply defined.

)
\openout1 = `nature_supplementary.aux'.

LaTeX Font Info:    Checking defaults for OML/cmm/m/it on input line 93.
LaTeX Font Info:    ... okay on input line 93.
LaTeX Font Info:    Checking defaults for OMS/cmsy/m/n on input line 93.
LaTeX Font Info:    ... okay on input line 93.
LaTeX Font Info:    Checking defaults for OT1/cmr/m/n on input line 93.
LaTeX Font Info:    ... okay on input line 93.
LaTeX Font Info:    Checking defaults for T1/cmr/m/n on input line 93.
LaTeX Font Info:    ... okay on input line 93.
LaTeX Font Info:    Checking defaults for TS1/cmr/m/n on input line 93.
LaTeX Font Info:    ... okay on input line 93.
LaTeX Font Info:    Checking defaults for OMX/cmex/m/n on input line 93.
LaTeX Font Info:    ... okay on input line 93.
LaTeX Font Info:    Checking defaults for U/cmr/m/n on input line 93.
LaTeX Font Info:    ... okay on input line 93.
LaTeX Font Info:    Checking defaults for PD1/pdf/m/n on input line 93.
LaTeX Font Info:    ... okay on input line 93.
LaTeX Font Info:    Checking defaults for PU/pdf/m/n on input line 93.
LaTeX Font Info:    ... okay on input line 93.

*geometry* driver: auto-detecting
*geometry* detected driver: pdftex
*geometry* verbose mode - [ preamble ] result:
* driver: pdftex
* paper: <default>
* layout: <same size as paper>
* layoutoffset:(h,v)=(0.0pt,0.0pt)
* modes: 
* h-part:(L,W,R)=(108.405pt, 397.485pt, 108.405pt)
* v-part:(T,H,B)=(108.405pt, 578.15999pt, 108.405pt)
* \paperwidth=614.295pt
* \paperheight=794.96999pt
* \textwidth=469.75502pt
* \textheight=620.43001pt
* \oddsidemargin=0.0pt
* \evensidemargin=0.0pt
* \topmargin=0.0pt
* \headheight=0.0pt
* \headsep=0.0pt
* \topskip=12.0pt
* \footskip=30.0pt
* \marginparwidth=44.0pt
* \marginparsep=10.0pt
* \columnsep=10.0pt
* \skip\footins=10.8pt plus 4.0pt minus 2.0pt
* \hoffset=0.0pt
* \voffset=0.0pt
* \mag=1000
* \@twocolumnfalse
* \@twosidefalse
* \@mparswitchfalse
* \@reversemarginfalse
* (1in=72.27pt=25.4mm, 1cm=28.453pt)

Package backref Info: ** backref set up for natbib ** on input line 93.
Package hyperref Info: Link coloring ON on input line 93.
(build/nature_supplementary.out) (build/nature_supplementary.out)
\@outlinefile=\write6
\openout6 = `nature_supplementary.out'.

 (c:/texlive/2022/texmf-dist/tex/context/base/mkii/supp-pdf.mkii
[Loading MPS to PDF converter (version 2006.09.02).]
\scratchcounter=\count353
\scratchdimen=\dimen338
\scratchbox=\box135
\nofMPsegments=\count354
\nofMParguments=\count355
\everyMPshowfont=\toks50
\MPscratchCnt=\count356
\MPscratchDim=\dimen339
\MPnumerator=\count357
\makeMPintoPDFobject=\count358
\everyMPtoPDFconversion=\toks51
) (c:/texlive/2022/texmf-dist/tex/latex/epstopdf-pkg/epstopdf-base.sty
Package: epstopdf-base 2020-01-24 v2.11 Base part for package epstopdf
Package epstopdf-base Info: Redefining graphics rule for `.eps' on input line 485.
 (c:/texlive/2022/texmf-dist/tex/latex/latexconfig/epstopdf-sys.cfg
File: epstopdf-sys.cfg 2010/07/13 v1.3 Configuration of (r)epstopdf for TeX Live
))
Package caption Info: Begin \AtBeginDocument code.
Package caption Info: float package is loaded.
Package caption Info: longtable package is loaded.
 (c:/texlive/2022/texmf-dist/tex/latex/caption/ltcaption.sty
Package: ltcaption 2021/01/08 v1.4c longtable captions (AR)
)
Package caption Info: rotating package is loaded.
Package caption Info: supertabular package is loaded.
Package caption Info: End \AtBeginDocument code.
\symgns@font=\mathgroup11
LaTeX Font Info:    Overwriting symbol font `gns@font' in version `bold'
(Font)                  TS1/ppl/m/n --> TS1/ppl/b/n on input line 93.
Package gensymb Info: Math companion symbols declared on input line 93.
LaTeX Info: Redefining \degree on input line 93.
LaTeX Info: Redefining \celsius on input line 93.
Package gensymb Info: Using text companion symbols for \degree, \celsius and \perthousand on input line 93.
LaTeX Info: Redefining \ohm on input line 93.
Package gensymb Info: Using \textohm for \ohm on input line 93.
Package gensymb Info: Using \textmu for \micro on input line 93.
LaTeX Font Info:    Trying to load font information for OML+zplm on input line 96.
 (c:/texlive/2022/texmf-dist/tex/latex/psnfss/omlzplm.fd
File: omlzplm.fd 2002/09/08 Fontinst v1.914 font definitions for OML/zplm.
)
LaTeX Font Info:    Trying to load font information for OMS+zplm on input line 96.
 (c:/texlive/2022/texmf-dist/tex/latex/psnfss/omszplm.fd
File: omszplm.fd 2002/09/08 Fontinst v1.914 font definitions for OMS/zplm.
)
LaTeX Font Info:    Trying to load font information for OMX+zplm on input line 96.
 (c:/texlive/2022/texmf-dist/tex/latex/psnfss/omxzplm.fd
File: omxzplm.fd 2002/09/08 Fontinst v1.914 font definitions for OMX/zplm.
)
LaTeX Font Info:    Trying to load font information for OT1+zplm on input line 96.
 (c:/texlive/2022/texmf-dist/tex/latex/psnfss/ot1zplm.fd
File: ot1zplm.fd 2002/09/08 Fontinst v1.914 font definitions for OT1/zplm.
)
LaTeX Font Info:    Font shape `U/msa/m/n' will be
(Font)              scaled to size 15.0049pt on input line 96.
LaTeX Font Info:    Font shape `U/msa/m/n' will be
(Font)              scaled to size 10.42007pt on input line 96.
LaTeX Font Info:    Font shape `U/msa/m/n' will be
(Font)              scaled to size 8.33606pt on input line 96.
LaTeX Font Info:    Font shape `U/msb/m/n' will be
(Font)              scaled to size 15.0049pt on input line 96.
LaTeX Font Info:    Font shape `U/msb/m/n' will be
(Font)              scaled to size 10.42007pt on input line 96.
LaTeX Font Info:    Font shape `U/msb/m/n' will be
(Font)              scaled to size 8.33606pt on input line 96.
LaTeX Font Info:    Trying to load font information for TS1+ppl on input line 96.
 (c:/texlive/2022/texmf-dist/tex/latex/psnfss/ts1ppl.fd
File: ts1ppl.fd 2001/06/04 font definitions for TS1/ppl.
)
LaTeX Font Info:    Font shape `U/msa/m/n' will be
(Font)              scaled to size 7.91925pt on input line 96.
LaTeX Font Info:    Font shape `U/msa/m/n' will be
(Font)              scaled to size 6.25204pt on input line 96.
LaTeX Font Info:    Font shape `U/msb/m/n' will be
(Font)              scaled to size 7.91925pt on input line 96.
LaTeX Font Info:    Font shape `U/msb/m/n' will be
(Font)              scaled to size 6.25204pt on input line 96.
 (build/nature_supplementary.toc
LaTeX Font Info:    Font shape `U/msa/m/n' will be
(Font)              scaled to size 12.50409pt on input line 2.
LaTeX Font Info:    Font shape `U/msa/m/n' will be
(Font)              scaled to size 9.37807pt on input line 2.
LaTeX Font Info:    Font shape `U/msa/m/n' will be
(Font)              scaled to size 7.29405pt on input line 2.
LaTeX Font Info:    Font shape `U/msb/m/n' will be
(Font)              scaled to size 12.50409pt on input line 2.
LaTeX Font Info:    Font shape `U/msb/m/n' will be
(Font)              scaled to size 9.37807pt on input line 2.
LaTeX Font Info:    Font shape `U/msb/m/n' will be
(Font)              scaled to size 7.29405pt on input line 2.
 [1

{c:/texlive/2022/texmf-var/fonts/map/pdftex/updmap/pdftex.map}])
\tf@toc=\write7
\openout7 = `nature_supplementary.toc'.

 [2]
<../figures/OECD/Heatplot_global_tax_attitudes_share.pdf, id=153, 410.53375pt x 219.82124pt>
File: ../figures/OECD/Heatplot_global_tax_attitudes_share.pdf Graphic file (type pdf)
<use ../figures/OECD/Heatplot_global_tax_attitudes_share.pdf>
Package pdftex.def Info: ../figures/OECD/Heatplot_global_tax_attitudes_share.pdf  used on input line 116.
(pdftex.def)             Requested size: 563.70459pt x 301.85765pt.

Underfull \hbox (badness 10000) in paragraph at lines 115--120

 []

<../figures/country_comparison/support_likert_share.pdf, id=163, 766.865pt x 579.16376pt>
File: ../figures/country_comparison/support_likert_share.pdf Graphic file (type pdf)
<use ../figures/country_comparison/support_likert_share.pdf>
Package pdftex.def Info: ../figures/country_comparison/support_likert_share.pdf  used on input line 126.
(pdftex.def)             Requested size: 469.75502pt x 354.78288pt.

LaTeX Warning: `h' float specifier changed to `ht'.


LaTeX Warning: `h' float specifier changed to `ht'.

<../figures/country_comparison/support_binary_positive.pdf, id=176, 611.28375pt x 229.85875pt>
File: ../figures/country_comparison/support_binary_positive.pdf Graphic file (type pdf)
<use ../figures/country_comparison/support_binary_positive.pdf>
Package pdftex.def Info: ../figures/country_comparison/support_binary_positive.pdf  used on input line 191.
(pdftex.def)             Requested size: 422.77664pt x 158.97447pt.

LaTeX Warning: `!h' float specifier changed to `!ht'.

<../figures/country_comparison/global_tax_global_share_mean.pdf, id=179, 718.685pt x 122.4575pt>
File: ../figures/country_comparison/global_tax_global_share_mean.pdf Graphic file (type pdf)
<use ../figures/country_comparison/global_tax_global_share_mean.pdf>
Package pdftex.def Info: ../figures/country_comparison/global_tax_global_share_mean.pdf  used on input line 198.
(pdftex.def)             Requested size: 469.75502pt x 80.04486pt.
<../figures/country_comparison/foreign_aid_raise_support.pdf, id=182, 624.3325pt x 214.8025pt>
File: ../figures/country_comparison/foreign_aid_raise_support.pdf Graphic file (type pdf)
<use ../figures/country_comparison/foreign_aid_raise_support.pdf>
Package pdftex.def Info: ../figures/country_comparison/foreign_aid_raise_support.pdf  used on input line 204.
(pdftex.def)             Requested size: 469.75502pt x 161.62262pt.

LaTeX Warning: `!h' float specifier changed to `!ht'.

<../figures/country_comparison/foreign_aid_condition_positive.pdf, id=185, 777.90625pt x 339.2675pt>
File: ../figures/country_comparison/foreign_aid_condition_positive.pdf Graphic file (type pdf)
<use ../figures/country_comparison/foreign_aid_condition_positive.pdf>
Package pdftex.def Info: ../figures/country_comparison/foreign_aid_condition_positive.pdf  used on input line 209.
(pdftex.def)             Requested size: 469.75502pt x 204.87697pt.

LaTeX Warning: `!h' float specifier changed to `!ht'.

<../figures/country_comparison/foreign_aid_no_positive.pdf, id=188, 771.88374pt x 339.2675pt>
File: ../figures/country_comparison/foreign_aid_no_positive.pdf Graphic file (type pdf)
<use ../figures/country_comparison/foreign_aid_no_positive.pdf>
Package pdftex.def Info: ../figures/country_comparison/foreign_aid_no_positive.pdf  used on input line 214.
(pdftex.def)             Requested size: 469.75502pt x 206.47142pt.

LaTeX Warning: `!h' float specifier changed to `!ht'.

<../figures/US1/ca_r.png, id=193, 1068.99374pt x 485.815pt>
File: ../figures/US1/ca_r.png Graphic file (type png)
<use ../figures/US1/ca_r.png>
Package pdftex.def Info: ../figures/US1/ca_r.png  used on input line 224.
(pdftex.def)             Requested size: 469.75502pt x 213.48497pt.
<../figures/FR/ca_r.png, id=194, 1068.99374pt x 485.815pt>
File: ../figures/FR/ca_r.png Graphic file (type png)
<use ../figures/FR/ca_r.png>
Package pdftex.def Info: ../figures/FR/ca_r.png  used on input line 228.
(pdftex.def)             Requested size: 469.75502pt x 213.48497pt.

LaTeX Warning: `h' float specifier changed to `ht'.

[3

 <../figures/OECD/Heatplot_global_tax_attitudes_share.pdf>] [4 <../figures/country_comparison/support_likert_share.pdf> <../figures/country_comparison/support_binary_positive.pdf>] [5 <../figures/country_comparison/global_tax_global_share_mean.pdf>] [6 <../figures/country_comparison/foreign_aid_raise_support.pdf> <../figures/country_comparison/foreign_aid_condition_positive.pdf>] [7 <../figures/country_comparison/foreign_aid_no_positive.pdf>] [8 <../figures/US1/ca_r.png> <../figures/FR/ca_r.png>]
<../figures/DE/ca_r.png, id=339, 1069.9975pt x 485.815pt>
File: ../figures/DE/ca_r.png Graphic file (type png)
<use ../figures/DE/ca_r.png>
Package pdftex.def Info: ../figures/DE/ca_r.png  used on input line 235.
(pdftex.def)             Requested size: 469.75502pt x 213.28484pt.
<../figures/ES/ca_r.png, id=340, 1069.9975pt x 485.815pt>
File: ../figures/ES/ca_r.png Graphic file (type png)
<use ../figures/ES/ca_r.png>
Package pdftex.def Info: ../figures/ES/ca_r.png  used on input line 239.
(pdftex.def)             Requested size: 469.75502pt x 213.28484pt.
<../figures/UK/ca_r.png, id=341, 1068.99374pt x 485.815pt>
File: ../figures/UK/ca_r.png Graphic file (type png)
<use ../figures/UK/ca_r.png>
Package pdftex.def Info: ../figures/UK/ca_r.png  used on input line 243.
(pdftex.def)             Requested size: 469.75502pt x 213.48497pt.


LaTeX Warning: Float too large for page by 83.4246pt on input line 245.


LaTeX Warning: `!h' float specifier changed to `!ht'.

<../figures/country_comparison/conjoint_left_ag_b_binary_positive.pdf, id=344, 656.4525pt x 122.4575pt>
File: ../figures/country_comparison/conjoint_left_ag_b_binary_positive.pdf Graphic file (type pdf)
<use ../figures/country_comparison/conjoint_left_ag_b_binary_positive.pdf>
Package pdftex.def Info: ../figures/country_comparison/conjoint_left_ag_b_binary_positive.pdf  used on input line 250.
(pdftex.def)             Requested size: 469.75502pt x 87.63118pt.

LaTeX Warning: `!h' float specifier changed to `!ht'.

<../figures/country_comparison/belief_all_mean.pdf, id=349, 458.71375pt x 229.85875pt>
File: ../figures/country_comparison/belief_all_mean.pdf Graphic file (type pdf)
<use ../figures/country_comparison/belief_all_mean.pdf>
Package pdftex.def Info: ../figures/country_comparison/belief_all_mean.pdf  used on input line 256.
(pdftex.def)             Requested size: 328.82707pt x 164.77914pt.

LaTeX Warning: `!h' float specifier changed to `!ht'.

[9 <../figures/DE/ca_r.png> <../figures/ES/ca_r.png> <../figures/UK/ca_r.png>] [10 <../figures/country_comparison/conjoint_left_ag_b_binary_positive.pdf> <../figures/country_comparison/belief_all_mean.pdf>] [11


]
Overfull \hbox (0.84052pt too wide) in paragraph at lines 290--292
[]\OT1/ppl/m/n/12 Despite dif-fer-ences in the de-scrip-tion of fair-ness prin-ci-ples, sur-veys on burden-sharing
 []

[12] [13] [14] [15] [16] [17] [18] [19]
Overfull \hbox (5.17563pt too wide) in paragraph at lines 388--389
 []\OT1/ppl/b/n/12 Ability to pay.[] \OT1/ppl/m/n/12 An-other promi-nent burden-sharing prin-ci-ple is the abil-ity to pay whereby
 []

[20]
<../figures/maps/gain_gdr_over_gdp_2030.pdf, id=741, 895.345pt x 448.67625pt>
File: ../figures/maps/gain_gdr_over_gdp_2030.pdf Graphic file (type pdf)
<use ../figures/maps/gain_gdr_over_gdp_2030.pdf>
Package pdftex.def Info: ../figures/maps/gain_gdr_over_gdp_2030.pdf  used on input line 403.
(pdftex.def)             Requested size: 469.75502pt x 235.40794pt.
LaTeX Font Info:    Font shape `U/msa/m/n' will be
(Font)              scaled to size 11.40997pt on input line 404.
LaTeX Font Info:    Font shape `U/msb/m/n' will be
(Font)              scaled to size 11.40997pt on input line 404.


LaTeX Warning: `!h' float specifier changed to `!ht'.

<../figures/maps/diff_gain_gdr_gcs_over_gdp_2030.pdf, id=747, 895.345pt x 448.67625pt>
File: ../figures/maps/diff_gain_gdr_gcs_over_gdp_2030.pdf Graphic file (type pdf)
<use ../figures/maps/diff_gain_gdr_gcs_over_gdp_2030.pdf>
Package pdftex.def Info: ../figures/maps/diff_gain_gdr_gcs_over_gdp_2030.pdf  used on input line 409.
(pdftex.def)             Requested size: 469.75502pt x 235.40794pt.

LaTeX Warning: `!h' float specifier changed to `!ht'.

[21] [22 <../figures/maps/gain_gdr_over_gdp_2030.pdf>] [23 <../figures/maps/diff_gain_gdr_gcs_over_gdp_2030.pdf>]
Overfull \hbox (2.00758pt too wide) in paragraph at lines 426--427
\OT1/ppl/m/n/12 sharing prin-ci-ples and re-lies in-stead on vol-un-tary con-tri-bu-tions from each coun-try, known
 []


Overfull \hbox (4.51505pt too wide) in paragraph at lines 426--427
\OT1/ppl/m/n/12 as Na-tion-ally De-ter-mined Con-tri-bu-tions (NDCs). A body of lit-er-a-ture (re-viewed by [][][]H[]ohne
 []

[24] [25] [26]
<../figures/OECD/Heatplot_global_tax_attitudes_positive.pdf, id=920, 410.53375pt x 219.82124pt>
File: ../figures/OECD/Heatplot_global_tax_attitudes_positive.pdf Graphic file (type pdf)
<use ../figures/OECD/Heatplot_global_tax_attitudes_positive.pdf>
Package pdftex.def Info: ../figures/OECD/Heatplot_global_tax_attitudes_positive.pdf  used on input line 508.
(pdftex.def)             Requested size: 563.70459pt x 301.85765pt.
<../figures/country_comparison/understood_each_positive.pdf, id=926, 745.78625pt x 220.825pt>
File: ../figures/country_comparison/understood_each_positive.pdf Graphic file (type pdf)
<use ../figures/country_comparison/understood_each_positive.pdf>
Package pdftex.def Info: ../figures/country_comparison/understood_each_positive.pdf  used on input line 514.
(pdftex.def)             Requested size: 469.75502pt x 139.09352pt.


LaTeX Warning: `!h' float specifier changed to `!ht'.

<../figures/country_comparison/understood_score_mean.pdf, id=931, 747.79375pt x 122.4575pt>
File: ../figures/country_comparison/understood_score_mean.pdf Graphic file (type pdf)
<use ../figures/country_comparison/understood_score_mean.pdf>
Package pdftex.def Info: ../figures/country_comparison/understood_score_mean.pdf  used on input line 519.
(pdftex.def)             Requested size: 469.75502pt x 76.92625pt.

LaTeX Warning: `!h' float specifier changed to `!ht'.

<../figures/country_comparison/list_exp_mean.pdf, id=934, 518.93875pt x 260.975pt>
File: ../figures/country_comparison/list_exp_mean.pdf Graphic file (type pdf)
<use ../figures/country_comparison/list_exp_mean.pdf>
Package pdftex.def Info: ../figures/country_comparison/list_exp_mean.pdf  used on input line 526.
(pdftex.def)             Requested size: 328.82707pt x 165.37482pt.

LaTeX Warning: `!h' float specifier changed to `!ht'.

<../figures/country_comparison/conjoint_ab_all_positive.pdf, id=939, 555.07375pt x 313.17pt>
File: ../figures/country_comparison/conjoint_ab_all_positive.pdf Graphic file (type pdf)
<use ../figures/country_comparison/conjoint_ab_all_positive.pdf>
Package pdftex.def Info: ../figures/country_comparison/conjoint_ab_all_positive.pdf  used on input line 531.
(pdftex.def)             Requested size: 375.80544pt x 212.0305pt.

LaTeX Warning: `!h' float specifier changed to `!ht'.

<../figures/DE/ca_r_en.png, id=944, 1068.99374pt x 485.815pt>
File: ../figures/DE/ca_r_en.png Graphic file (type png)
<use ../figures/DE/ca_r_en.png>
Package pdftex.def Info: ../figures/DE/ca_r_en.png  used on input line 541.
(pdftex.def)             Requested size: 441.99359pt x 200.86816pt.
<../figures/FR/ca_r_en.png, id=945, 1068.99374pt x 485.815pt>
File: ../figures/FR/ca_r_en.png Graphic file (type png)
<use ../figures/FR/ca_r_en.png>
Package pdftex.def Info: ../figures/FR/ca_r_en.png  used on input line 545.
(pdftex.def)             Requested size: 451.14877pt x 205.02682pt.
<../figures/ES/ca_r_en.png, id=946, 1068.99374pt x 485.815pt>
File: ../figures/ES/ca_r_en.png Graphic file (type png)
<use ../figures/ES/ca_r_en.png>
Package pdftex.def Info: ../figures/ES/ca_r_en.png  used on input line 549.
(pdftex.def)             Requested size: 451.14877pt x 205.02682pt.

Underfull \hbox (badness 10000) in paragraph at lines 539--551
[][]
 []


Underfull \hbox (badness 10000) in paragraph at lines 539--551
[]
 []


LaTeX Warning: Float too large for page by 104.79176pt on input line 551.


LaTeX Warning: `h' float specifier changed to `ht'.

<../figures/country_comparison/gcs_important_positive.pdf, id=949, 686.565pt x 564.1075pt>
File: ../figures/country_comparison/gcs_important_positive.pdf Graphic file (type pdf)
<use ../figures/country_comparison/gcs_important_positive.pdf>
Package pdftex.def Info: ../figures/country_comparison/gcs_important_positive.pdf  used on input line 555.
(pdftex.def)             Requested size: 469.75502pt x 385.9637pt.

LaTeX Warning: `!h' float specifier changed to `!ht'.

<../figures/country_comparison/gcs_field_positive.pdf, id=952, 464.73625pt x 583.17876pt>
File: ../figures/country_comparison/gcs_field_positive.pdf Graphic file (type pdf)
<use ../figures/country_comparison/gcs_field_positive.pdf>
Package pdftex.def Info: ../figures/country_comparison/gcs_field_positive.pdf  used on input line 560.
(pdftex.def)             Requested size: 352.31625pt x 442.11703pt.

LaTeX Warning: `!h' float specifier changed to `!ht'.

<../figures/country_comparison/gcs_field_contains_positive.pdf, id=955, 685.56125pt x 427.5975pt>
File: ../figures/country_comparison/gcs_field_contains_positive.pdf Graphic file (type pdf)
<use ../figures/country_comparison/gcs_field_contains_positive.pdf>
Package pdftex.def Info: ../figures/country_comparison/gcs_field_contains_positive.pdf  used on input line 565.
(pdftex.def)             Requested size: 469.75502pt x 293.00691pt.

LaTeX Warning: `!h' float specifier changed to `!ht'.


Underfull \hbox (badness 10000) in paragraph at lines 570--598

 []


LaTeX Warning: `h' float specifier changed to `ht'.

<../figures/country_comparison/donation_mean.pdf, id=960, 549.05125pt x 175.65625pt>
File: ../figures/country_comparison/donation_mean.pdf Graphic file (type pdf)
<use ../figures/country_comparison/donation_mean.pdf>
Package pdftex.def Info: ../figures/country_comparison/donation_mean.pdf  used on input line 602.
(pdftex.def)             Requested size: 375.80544pt x 120.23267pt.

LaTeX Warning: `!h' float specifier changed to `!ht'.


LaTeX Warning: `h' float specifier changed to `ht'.

<../figures/country_comparison/global_tax_support.pdf, id=965, 611.28375pt x 210.7875pt>
File: ../figures/country_comparison/global_tax_support.pdf Graphic file (type pdf)
<use ../figures/country_comparison/global_tax_support.pdf>
Package pdftex.def Info: ../figures/country_comparison/global_tax_support.pdf  used on input line 635.
(pdftex.def)             Requested size: 469.75502pt x 161.98203pt.

LaTeX Warning: `!h' float specifier changed to `!ht'.

<../figures/country_comparison/national_tax_support.pdf, id=968, 611.28375pt x 210.7875pt>
File: ../figures/country_comparison/national_tax_support.pdf Graphic file (type pdf)
<use ../figures/country_comparison/national_tax_support.pdf>
Package pdftex.def Info: ../figures/country_comparison/national_tax_support.pdf  used on input line 640.
(pdftex.def)             Requested size: 469.75502pt x 161.98203pt.

LaTeX Warning: `!h' float specifier changed to `!ht'.

<../figures/country_comparison/global_tax_global_share.pdf, id=971, 602.25pt x 214.8025pt>
File: ../figures/country_comparison/global_tax_global_share.pdf Graphic file (type pdf)
<use ../figures/country_comparison/global_tax_global_share.pdf>
Package pdftex.def Info: ../figures/country_comparison/global_tax_global_share.pdf  used on input line 645.
(pdftex.def)             Requested size: 469.75502pt x 167.55182pt.

LaTeX Warning: `!h' float specifier changed to `!ht'.

<../figures/country_comparison/global_tax_sharing_positive.pdf, id=974, 727.71875pt x 122.4575pt>
File: ../figures/country_comparison/global_tax_sharing_positive.pdf Graphic file (type pdf)
<use ../figures/country_comparison/global_tax_sharing_positive.pdf>
Package pdftex.def Info: ../figures/country_comparison/global_tax_sharing_positive.pdf  used on input line 650.
(pdftex.def)             Requested size: 469.75502pt x 79.0508pt.

LaTeX Warning: `!h' float specifier changed to `!ht'.

<../figures/country_comparison/foreign_aid_amount_mean.pdf, id=979, 643.40375pt x 249.93375pt>
File: ../figures/country_comparison/foreign_aid_amount_mean.pdf Graphic file (type pdf)
<use ../figures/country_comparison/foreign_aid_amount_mean.pdf>
Package pdftex.def Info: ../figures/country_comparison/foreign_aid_amount_mean.pdf  used on input line 655.
(pdftex.def)             Requested size: 422.77664pt x 164.236pt.
<../figures/country_comparison/foreign_aid_no_less_all_positive.pdf, id=984, 682.55pt x 230.8625pt>
File: ../figures/country_comparison/foreign_aid_no_less_all_positive.pdf Graphic file (type pdf)
<use ../figures/country_comparison/foreign_aid_no_less_all_positive.pdf>
Package pdftex.def Info: ../figures/country_comparison/foreign_aid_no_less_all_positive.pdf  used on input line 663.
(pdftex.def)             Requested size: 469.75502pt x 158.89018pt.
<../figures/country_comparison/foreign_aid_belief_agg.pdf, id=987, 505.89pt x 210.7875pt>
File: ../figures/country_comparison/foreign_aid_belief_agg.pdf Graphic file (type pdf)
<use ../figures/country_comparison/foreign_aid_belief_agg.pdf>
Package pdftex.def Info: ../figures/country_comparison/foreign_aid_belief_agg.pdf  used on input line 669.
(pdftex.def)             Requested size: 469.75502pt x 195.73444pt.

LaTeX Warning: `!h' float specifier changed to `!ht'.

<../figures/country_comparison/foreign_aid_preferred_no_info_agg.pdf, id=990, 505.89pt x 210.7875pt>
File: ../figures/country_comparison/foreign_aid_preferred_no_info_agg.pdf Graphic file (type pdf)
<use ../figures/country_comparison/foreign_aid_preferred_no_info_agg.pdf>
Package pdftex.def Info: ../figures/country_comparison/foreign_aid_preferred_no_info_agg.pdf  used on input line 675.
(pdftex.def)             Requested size: 469.75502pt x 195.73444pt.

LaTeX Warning: `!h' float specifier changed to `!ht'.

<../figures/country_comparison/foreign_aid_preferred_info_agg.pdf, id=993, 529.98pt x 210.7875pt>
File: ../figures/country_comparison/foreign_aid_preferred_info_agg.pdf Graphic file (type pdf)
<use ../figures/country_comparison/foreign_aid_preferred_info_agg.pdf>
Package pdftex.def Info: ../figures/country_comparison/foreign_aid_preferred_info_agg.pdf  used on input line 683.
(pdftex.def)             Requested size: 469.75502pt x 186.8348pt.

LaTeX Warning: `!h' float specifier changed to `!ht'.

<../figures/country_comparison/foreign_aid_raise_positive.pdf, id=996, 649.42625pt x 564.1075pt>
File: ../figures/country_comparison/foreign_aid_raise_positive.pdf Graphic file (type pdf)
<use ../figures/country_comparison/foreign_aid_raise_positive.pdf>
Package pdftex.def Info: ../figures/country_comparison/foreign_aid_raise_positive.pdf  used on input line 688.
(pdftex.def)             Requested size: 352.31625pt x 306.03375pt.

LaTeX Warning: `!h' float specifier changed to `!ht'.

<../figures/country_comparison/foreign_aid_reduce_positive.pdf, id=999, 653.44125pt x 564.1075pt>
File: ../figures/country_comparison/foreign_aid_reduce_positive.pdf Graphic file (type pdf)
<use ../figures/country_comparison/foreign_aid_reduce_positive.pdf>
Package pdftex.def Info: ../figures/country_comparison/foreign_aid_reduce_positive.pdf  used on input line 693.
(pdftex.def)             Requested size: 352.31625pt x 304.1487pt.

LaTeX Warning: `!h' float specifier changed to `!ht'.

<../figures/country_comparison/petition_comparable_positive.pdf, id=1002, 575.14874pt x 242.9075pt>
File: ../figures/country_comparison/petition_comparable_positive.pdf Graphic file (type pdf)
<use ../figures/country_comparison/petition_comparable_positive.pdf>
Package pdftex.def Info: ../figures/country_comparison/petition_comparable_positive.pdf  used on input line 702.
(pdftex.def)             Requested size: 375.80544pt x 158.72194pt.

LaTeX Warning: `!h' float specifier changed to `!ht'.

<../figures/country_comparison/support_likert_positive.pdf, id=1009, 766.865pt x 579.16376pt>
File: ../figures/country_comparison/support_likert_positive.pdf Graphic file (type pdf)
<use ../figures/country_comparison/support_likert_positive.pdf>
Package pdftex.def Info: ../figures/country_comparison/support_likert_positive.pdf  used on input line 707.
(pdftex.def)             Requested size: 469.75502pt x 354.78288pt.

LaTeX Warning: `!h' float specifier changed to `!ht'.

<../figures/country_comparison/negotiation.pdf, id=1012, 691.58376pt x 214.8025pt>
File: ../figures/country_comparison/negotiation.pdf Graphic file (type pdf)
<use ../figures/country_comparison/negotiation.pdf>
Package pdftex.def Info: ../figures/country_comparison/negotiation.pdf  used on input line 714.
(pdftex.def)             Requested size: 469.75502pt x 145.90643pt.

LaTeX Warning: `!h' float specifier changed to `!ht'.

<../figures/country_comparison/problem_positive.pdf, id=1015, 578.16pt x 220.825pt>
File: ../figures/country_comparison/problem_positive.pdf Graphic file (type pdf)
<use ../figures/country_comparison/problem_positive.pdf>
Package pdftex.def Info: ../figures/country_comparison/problem_positive.pdf  used on input line 719.
(pdftex.def)             Requested size: 352.31625pt x 134.5649pt.

LaTeX Warning: `!h' float specifier changed to `!ht'.

<../figures/country_comparison/group_defended_agg2.pdf, id=1018, 600.2425pt x 210.7875pt>
File: ../figures/country_comparison/group_defended_agg2.pdf Graphic file (type pdf)
<use ../figures/country_comparison/group_defended_agg2.pdf>
Package pdftex.def Info: ../figures/country_comparison/group_defended_agg2.pdf  used on input line 724.
(pdftex.def)             Requested size: 469.75502pt x 164.97002pt.

LaTeX Warning: `!h' float specifier changed to `!ht'.

<../figures/country_comparison/points_mean.pdf, id=1021, 724.7075pt x 551.05875pt>
File: ../figures/country_comparison/points_mean.pdf Graphic file (type pdf)
<use ../figures/country_comparison/points_mean.pdf>
Package pdftex.def Info: ../figures/country_comparison/points_mean.pdf  used on input line 730.
(pdftex.def)             Requested size: 469.75502pt x 357.20013pt.

LaTeX Warning: `!h' float specifier changed to `!ht'.

<../figures/country_comparison/points_positive.pdf, id=1024, 724.7075pt x 551.05875pt>
File: ../figures/country_comparison/points_positive.pdf Graphic file (type pdf)
<use ../figures/country_comparison/points_positive.pdf>
Package pdftex.def Info: ../figures/country_comparison/points_positive.pdf  used on input line 735.
(pdftex.def)             Requested size: 469.75502pt x 357.20013pt.

LaTeX Warning: `!h' float specifier changed to `!ht'.

<../figures/country_comparison/donation_charities.pdf, id=1027, 495.8525pt x 210.7875pt>
File: ../figures/country_comparison/donation_charities.pdf Graphic file (type pdf)
<use ../figures/country_comparison/donation_charities.pdf>
Package pdftex.def Info: ../figures/country_comparison/donation_charities.pdf  used on input line 740.
(pdftex.def)             Requested size: 375.80544pt x 159.7563pt.

LaTeX Warning: `!h' float specifier changed to `!ht'.

<../figures/country_comparison/interested_politics.pdf, id=1030, 441.65pt x 210.7875pt>
File: ../figures/country_comparison/interested_politics.pdf Graphic file (type pdf)
<use ../figures/country_comparison/interested_politics.pdf>
Package pdftex.def Info: ../figures/country_comparison/interested_politics.pdf  used on input line 745.
(pdftex.def)             Requested size: 375.80544pt x 179.36963pt.

LaTeX Warning: `!h' float specifier changed to `!ht'.

<../figures/country_comparison/involvement_govt.pdf, id=1033, 549.05125pt x 214.8025pt>
File: ../figures/country_comparison/involvement_govt.pdf Graphic file (type pdf)
<use ../figures/country_comparison/involvement_govt.pdf>
Package pdftex.def Info: ../figures/country_comparison/involvement_govt.pdf  used on input line 750.
(pdftex.def)             Requested size: 422.77664pt x 165.40498pt.

LaTeX Warning: `!h' float specifier changed to `!ht'.

<../figures/country_comparison/left_right.pdf, id=1036, 443.6575pt x 210.7875pt>
File: ../figures/country_comparison/left_right.pdf Graphic file (type pdf)
<use ../figures/country_comparison/left_right.pdf>
Package pdftex.def Info: ../figures/country_comparison/left_right.pdf  used on input line 755.
(pdftex.def)             Requested size: 375.80544pt x 178.54947pt.

LaTeX Warning: `!h' float specifier changed to `!ht'.

<../figures/country_comparison/vote_participation.pdf, id=1039, 420.57124pt x 210.7875pt>
File: ../figures/country_comparison/vote_participation.pdf Graphic file (type pdf)
<use ../figures/country_comparison/vote_participation.pdf>
Package pdftex.def Info: ../figures/country_comparison/vote_participation.pdf  used on input line 760.
(pdftex.def)             Requested size: 375.80544pt x 188.3529pt.

LaTeX Warning: `!h' float specifier changed to `!ht'.

<../figures/country_comparison/vote.pdf, id=1042, 401.5pt x 209.78375pt>
File: ../figures/country_comparison/vote.pdf Graphic file (type pdf)
<use ../figures/country_comparison/vote.pdf>
Package pdftex.def Info: ../figures/country_comparison/vote.pdf  used on input line 765.
(pdftex.def)             Requested size: 352.31625pt x 184.09808pt.

LaTeX Warning: `!h' float specifier changed to `!ht'.

<../figures/country_comparison/survey_biased.pdf, id=1045, 385.44pt x 210.7875pt>
File: ../figures/country_comparison/survey_biased.pdf Graphic file (type pdf)
<use ../figures/country_comparison/survey_biased.pdf>
Package pdftex.def Info: ../figures/country_comparison/survey_biased.pdf  used on input line 770.
(pdftex.def)             Requested size: 328.82707pt x 179.82635pt.

LaTeX Warning: `!h' float specifier changed to `!ht'.


Underfull \hbox (badness 7326) in paragraph at lines 776--776
\OT1/ppl/m/n/10.95 ended field on the ques-tion
 []

<../figures/country_comparison/poverty_field_positive.pdf, id=1048, 212.795pt x 424.58624pt>
File: ../figures/country_comparison/poverty_field_positive.pdf Graphic file (type pdf)
<use ../figures/country_comparison/poverty_field_positive.pdf>
Package pdftex.def Info: ../figures/country_comparison/poverty_field_positive.pdf  used on input line 777.
(pdftex.def)             Requested size: 159.71498pt x 318.69156pt.

Overfull \hbox (6.47998pt too wide) in paragraph at lines 776--778
[]\OT1/ppl/m/n/12 . [] 
 []

<../figures/country_comparison/poverty_field_contains_positive.pdf, id=1049, 411.5375pt x 424.58624pt>
File: ../figures/country_comparison/poverty_field_contains_positive.pdf Graphic file (type pdf)
<use ../figures/country_comparison/poverty_field_contains_positive.pdf>
Package pdftex.def Info: ../figures/country_comparison/poverty_field_contains_positive.pdf  used on input line 782.
(pdftex.def)             Requested size: 300.64291pt x 310.1786pt.

Overfull \hbox (4.56003pt too wide) in paragraph at lines 775--784
[][]   [] 
 []


LaTeX Warning: `!h' float specifier changed to `!ht'.

<../figures/country_comparison/main_all_by_vote_share.pdf, id=1060, 698.61pt x 430.60875pt>
File: ../figures/country_comparison/main_all_by_vote_share.pdf Graphic file (type pdf)
<use ../figures/country_comparison/main_all_by_vote_share.pdf>
Package pdftex.def Info: ../figures/country_comparison/main_all_by_vote_share.pdf  used on input line 793.
(pdftex.def)             Requested size: 469.75502pt x 289.55107pt.

LaTeX Warning: `!h' float specifier changed to `!ht'.

[27

 <../figures/OECD/Heatplot_global_tax_attitudes_positive.pdf>] [28 <../figures/country_comparison/understood_each_positive.pdf> <../figures/country_comparison/understood_score_mean.pdf> <../figures/country_comparison/list_exp_mean.pdf>] [29 <../figures/country_comparison/conjoint_ab_all_positive.pdf>] [30 <../figures/DE/ca_r_en.png> <../figures/FR/ca_r_en.png> <../figures/ES/ca_r_en.png>] [31 <../figures/country_comparison/gcs_important_positive.pdf>] [32 <../figures/country_comparison/gcs_field_positive.pdf>] [33 <../figures/country_comparison/gcs_field_contains_positive.pdf> <../figures/country_comparison/donation_mean.pdf>] [34 <../figures/country_comparison/global_tax_support.pdf>] [35 <../figures/country_comparison/national_tax_support.pdf> <../figures/country_comparison/global_tax_global_share.pdf> <../figures/country_comparison/global_tax_sharing_positive.pdf>] [36 <../figures/country_comparison/foreign_aid_amount_mean.pdf> <../figures/country_comparison/foreign_aid_no_less_all_positive.pdf>] [37 <../figures/country_comparison/foreign_aid_belief_agg.pdf> <../figures/country_comparison/foreign_aid_preferred_no_info_agg.pdf>] [38 <../figures/country_comparison/foreign_aid_preferred_info_agg.pdf>] [39 <../figures/country_comparison/foreign_aid_raise_positive.pdf>] [40 <../figures/country_comparison/foreign_aid_reduce_positive.pdf> <../figures/country_comparison/petition_comparable_positive.pdf>] [41 <../figures/country_comparison/support_likert_positive.pdf> <../figures/country_comparison/negotiation.pdf>] [42 <../figures/country_comparison/problem_positive.pdf> <../figures/country_comparison/group_defended_agg2.pdf>] [43 <../figures/country_comparison/points_mean.pdf>] [44 <../figures/country_comparison/points_positive.pdf> <../figures/country_comparison/donation_charities.pdf>] [45 <../figures/country_comparison/interested_politics.pdf> <../figures/country_comparison/involvement_govt.pdf>] [46 <../figures/country_comparison/left_right.pdf> <../figures/country_comparison/vote_participation.pdf>] [47 <../figures/country_comparison/vote.pdf> <../figures/country_comparison/survey_biased.pdf>] [48 <../figures/country_comparison/poverty_field_positive.pdf> <../figures/country_comparison/poverty_field_contains_positive.pdf>] [49 <../figures/country_comparison/main_all_by_vote_share.pdf>]
Overfull \hbox (1.2024pt too wide) in paragraph at lines 805--807
\OT1/ppl/m/it/12 Strongly dis-agree; Some-what dis-agree; Nei-ther agree nor dis-agree; Some-what agree; Strongly
 []


Overfull \hbox (4.25092pt too wide) in paragraph at lines 813--816
\OT1/ppl/m/it/12 Strongly op-pose; Some-what op-pose; Nei-ther sup-port nor op-pose; Some-what sup-port; Strongly
 []

[50

]
Overfull \hbox (1.2024pt too wide) in paragraph at lines 827--828
\OT1/ppl/m/it/12 Strongly dis-agree; Some-what dis-agree; Nei-ther agree nor dis-agree; Some-what agree; Strongly
 []


Overfull \hbox (4.25092pt too wide) in paragraph at lines 828--830
\OT1/ppl/m/it/12 Strongly op-pose; Some-what op-pose; Nei-ther sup-port nor op-pose; Some-what sup-port; Strongly
 []

[51]
Overfull \hbox (4.25092pt too wide) in paragraph at lines 834--836
\OT1/ppl/m/it/12 Strongly op-pose; Some-what op-pose; Nei-ther sup-port nor op-pose; Some-what sup-port; Strongly
 []


Overfull \hbox (4.25092pt too wide) in paragraph at lines 836--839
\OT1/ppl/m/it/12 Strongly op-pose; Some-what op-pose; Nei-ther sup-port nor op-pose; Some-what sup-port; Strongly
 []

[52]
Overfull \hbox (3.69708pt too wide) in paragraph at lines 846--847
[]\OT1/ppl/m/n/12 Below, we pro-vide the generic ques-tion-naire (based on the U.S. ver-sion), which roughly
 []

<../questionnaire/survey_flow_EU.pdf, id=1796, 814.04124pt x 533.995pt>
File: ../questionnaire/survey_flow_EU.pdf Graphic file (type pdf)
<use ../questionnaire/survey_flow_EU.pdf>
Package pdftex.def Info: ../questionnaire/survey_flow_EU.pdf  used on input line 852.
(pdftex.def)             Requested size: 469.75502pt x 308.15288pt.
<../questionnaire/survey_flow_US1.pdf, id=1797, 819.06pt x 491.8375pt>
File: ../questionnaire/survey_flow_US1.pdf Graphic file (type pdf)
<use ../questionnaire/survey_flow_US1.pdf>
Package pdftex.def Info: ../questionnaire/survey_flow_US1.pdf  used on input line 857.
(pdftex.def)             Requested size: 469.75502pt x 282.0914pt.

LaTeX Warning: `!h' float specifier changed to `!ht'.

<../questionnaire/survey_flow_US2.pdf, id=1798, 886.31125pt x 410.53375pt>
File: ../questionnaire/survey_flow_US2.pdf Graphic file (type pdf)
<use ../questionnaire/survey_flow_US2.pdf>
Package pdftex.def Info: ../questionnaire/survey_flow_US2.pdf  used on input line 862.
(pdftex.def)             Requested size: 469.75502pt x 217.5881pt.

LaTeX Warning: `!h' float specifier changed to `!ht'.

[53

 <../questionnaire/survey_flow_EU.pdf>] [54 <../questionnaire/survey_flow_US1.pdf> <../questionnaire/survey_flow_US2.pdf

pdfTeX warning: pdflatex.exe (file ../questionnaire/survey_flow_US2.pdf): PDF inclusion: multiple pdfs with page group included in a single page
>]
Underfull \hbox (badness 10000) in paragraph at lines 868--880

 []


Underfull \hbox (badness 10000) in paragraph at lines 868--880

 []


Underfull \hbox (badness 10000) in paragraph at lines 868--880

 []


Underfull \hbox (badness 10000) in paragraph at lines 868--880

 []

[55

]
LaTeX Font Info:    Trying to load font information for OMS+ppl on input line 894.
 (c:/texlive/2022/texmf-dist/tex/latex/psnfss/omsppl.fd
File: omsppl.fd 
)
LaTeX Font Info:    Font shape `OMS/ppl/m/it' in size <12> not available
(Font)              Font shape `OMS/cmsy/m/n' tried instead on input line 894.

Overfull \hbox (4.84929pt too wide) in paragraph at lines 897--899
\OT1/ppl/m/it/12 Bachiller-ato; For-maci^^Son pro-fe-sional de grado su-pe-rior; Grado uni-ver-si-tario; M^^Saster/doctorado 
 []

[56]
Underfull \hbox (badness 10000) in paragraph at lines 903--910

 []


Underfull \hbox (badness 10000) in paragraph at lines 903--910

 []


Overfull \hbox (26.40941pt too wide) in paragraph at lines 903--910
\OT1/ppl/m/n/12 FR: \U/eurosym/m/n/12 e\OT1/ppl/m/n/12 5/50/150/300k; DE: \U/eurosym/m/n/12 e\OT1/ppl/m/n/12 0/35/130/280k; ES: \U/eurosym/m/n/12 e\OT1/ppl/m/n/12 0/50/100/200k; UK: \TS1/ppl/m/n/12 \OT1/ppl/m/n/12 3/45/115/270k] 
 []

LaTeX Font Info:    Font shape `U/eurosym/b/n' in size <12> not available
(Font)              Font shape `U/eurosym/bx/n' tried instead on input line 918.
[57]
Underfull \hbox (badness 10000) in paragraph at lines 921--925

 []


Underfull \hbox (badness 10000) in paragraph at lines 925--931

 []

[58]
Underfull \hbox (badness 10000) in paragraph at lines 931--935

 []


Underfull \hbox (badness 10000) in paragraph at lines 935--946

 []


Underfull \hbox (badness 10000) in paragraph at lines 935--946

 []


Underfull \hbox (badness 10000) in paragraph at lines 935--946

 []

[59]
Underfull \hbox (badness 10000) in paragraph at lines 949--962

 []


Underfull \hbox (badness 10000) in paragraph at lines 949--962

 []


Underfull \hbox (badness 10000) in paragraph at lines 949--962

 []

[60]
Underfull \hbox (badness 10000) in paragraph at lines 977--979

 []

[61]
Underfull \hbox (badness 10000) in paragraph at lines 985--988

 []


Underfull \hbox (badness 10000) in paragraph at lines 985--988

 []


Underfull \hbox (badness 10000) in paragraph at lines 993--996

 []


Underfull \hbox (badness 10000) in paragraph at lines 993--996

 []


Underfull \hbox (badness 10000) in paragraph at lines 1001--1004

 []


Underfull \hbox (badness 10000) in paragraph at lines 1008--1009

 []


Underfull \hbox (badness 10000) in paragraph at lines 1013--1024

 []

[62]
Overfull \hbox (4.84969pt too wide) in paragraph at lines 1024--1026
[]\OT1/ppl/m/n/12 Do you sup-port Bun-dle A (com-bin-ing [Coal exit], the Na-tional re-dis-tri-bu-tion scheme,
 []


Underfull \hbox (badness 10000) in paragraph at lines 1026--1065

 []


Underfull \hbox (badness 10000) in paragraph at lines 1026--1065

 []


Underfull \hbox (badness 10000) in paragraph at lines 1026--1065

 []


Underfull \hbox (badness 10000) in paragraph at lines 1026--1065

 []

[63]
Underfull \hbox (badness 10000) in paragraph at lines 1065--1081

 []


Underfull \hbox (badness 10000) in paragraph at lines 1065--1081

 []

[64]
Underfull \hbox (badness 10000) in paragraph at lines 1081--1097

 []


Underfull \hbox (badness 10000) in paragraph at lines 1097--1112

 []

[65] [66]
Underfull \hbox (badness 10000) in paragraph at lines 1138--1144

 []


Underfull \hbox (badness 10000) in paragraph at lines 1138--1144

 []


Overfull \hbox (4.25092pt too wide) in paragraph at lines 1149--1152
\OT1/ppl/m/it/12 Strongly op-pose; Some-what op-pose; Nei-ther sup-port nor op-pose; Some-what sup-port; Strongly
 []


Overfull \hbox (4.25092pt too wide) in paragraph at lines 1152--1154
\OT1/ppl/m/it/12 Strongly op-pose; Some-what op-pose; Nei-ther sup-port nor op-pose; Some-what sup-port; Strongly
 []

[67]
Underfull \hbox (badness 10000) in paragraph at lines 1154--1160

 []

[68]
Underfull \hbox (badness 10000) in paragraph at lines 1172--1176

 []


Underfull \hbox (badness 10000) in paragraph at lines 1176--1179

 []


Underfull \hbox (badness 10000) in paragraph at lines 1179--1183

 []


Underfull \hbox (badness 10000) in paragraph at lines 1183--1187

 []

[69]
Underfull \hbox (badness 10000) in paragraph at lines 1190--1194

 []


Underfull \hbox (badness 10000) in paragraph at lines 1197--1201

 []


Overfull \hbox (4.25092pt too wide) in paragraph at lines 1205--1206
\OT1/ppl/m/it/12 Strongly op-pose; Some-what op-pose; Nei-ther sup-port nor op-pose; Some-what sup-port; Strongly
 []

[70]
Overfull \hbox (4.25092pt too wide) in paragraph at lines 1215--1216
\OT1/ppl/m/it/12 Strongly op-pose; Some-what op-pose; Nei-ther sup-port nor op-pose; Some-what sup-port; Strongly
 []


Underfull \hbox (badness 10000) in paragraph at lines 1216--1220

 []

[71] [72]
Underfull \hbox (badness 10000) in paragraph at lines 1253--1260

 []


Underfull \hbox (badness 10000) in paragraph at lines 1253--1260

 []

[73]
Overfull \hbox (4.25092pt too wide) in paragraph at lines 1278--1279
\OT1/ppl/m/it/12 Strongly op-pose; Some-what op-pose; Nei-ther sup-port nor op-pose; Some-what sup-port; Strongly
 []

[74]
Underfull \hbox (badness 10000) in paragraph at lines 1291--1295

 []

[75] [76

]
<../figures/maps/median_gain_2015.pdf, id=2165, 837.1275pt x 419.5675pt>
File: ../figures/maps/median_gain_2015.pdf Graphic file (type pdf)
<use ../figures/maps/median_gain_2015.pdf>
Package pdftex.def Info: ../figures/maps/median_gain_2015.pdf  used on input line 1314.
(pdftex.def)             Requested size: 469.75502pt x 235.43634pt.


LaTeX Warning: `!h' float specifier changed to `!ht'.

[77] [78 <../figures/maps/median_gain_2015.pdf>]
Overfull \hbox (1.34453pt too wide) in alignment at lines 1324--1378
 [] [] [] 
 []

[79

]
Underfull \hbox (badness 10000) in paragraph at lines 1395--1469

 []

[80

]

LaTeX Warning: `h' float specifier changed to `ht'.

[81

] [82]
Underfull \hbox (badness 10000) in paragraph at lines 1602--1657

 []


Underfull \hbox (badness 10000) in paragraph at lines 1661--1716

 []


LaTeX Warning: `h' float specifier changed to `ht'.


Underfull \hbox (badness 10000) in paragraph at lines 1720--1775

 []


LaTeX Warning: `h' float specifier changed to `ht'.

[83

] [84] [85] (build/nature_supplementary.bbl (build/nature_supplementary.brf)
\tf@brf=\write8
\openout8 = `nature_supplementary.brf'.

 [86

] [87] [88] [89] [90] [91] [92] [93] [94] [95]) [96] (build/nature_supplementary.lot)
\tf@lot=\write9
\openout9 = `nature_supplementary.lot'.

 (build/nature_supplementary.lof [97

])
\tf@lof=\write10
\openout10 = `nature_supplementary.lof'.

 [98] (build/nature_supplementary.aux)

LaTeX Warning: There were multiply-defined labels.

Package rerunfilecheck Info: File `nature_supplementary.out' has not changed.
(rerunfilecheck)             Checksum: 6F58D8E2497CA2603A673DF81EC559CA;5052.
Package rerunfilecheck Info: File `nature_supplementary.brf' has not changed.
(rerunfilecheck)             Checksum: 98B414E3C41544F25655CE39821C0416;9577.
 ) 
Here is how much of TeX's memory you used:
 31871 strings out of 475075
 617126 string characters out of 5783001
 956206 words of memory out of 5000000
 52162 multiletter control sequences out of 15000+600000
 533302 words of font info for 195 fonts, out of 8000000 for 9000
 1141 hyphenation exceptions out of 8191
 99i,17n,104p,2498b,811s stack positions out of 10000i,1000n,20000p,200000b,200000s

pdfTeX warning (dest): name{Hfootnote.12} has been referenced but does not exist, replaced by a fixed one


pdfTeX warning (dest): name{Hfootnote.11} has been referenced but does not exist, replaced by a fixed one


pdfTeX warning (dest): name{Hfootnote.10} has been referenced but does not exist, replaced by a fixed one


pdfTeX warning (dest): name{Hfootnote.9} has been referenced but does not exist, replaced by a fixed one


pdfTeX warning (dest): name{Hfootnote.8} has been referenced but does not exist, replaced by a fixed one


pdfTeX warning (dest): name{Hfootnote.7} has been referenced but does not exist, replaced by a fixed one


pdfTeX warning (dest): name{Hfootnote.6} has been referenced but does not exist, replaced by a fixed one


pdfTeX warning (dest): name{Hfootnote.5} has been referenced but does not exist, replaced by a fixed one


pdfTeX warning (dest): name{Hfootnote.4} has been referenced but does not exist, replaced by a fixed one


pdfTeX warning (dest): name{Hfootnote.3} has been referenced but does not exist, replaced by a fixed one


pdfTeX warning (dest): name{Hfootnote.2} has been referenced but does not exist, replaced by a fixed one


pdfTeX warning (dest): name{Hfootnote.1} has been referenced but does not exist, replaced by a fixed one

{c:/texlive/2022/texmf-dist/fonts/enc/dvips/base/8r.enc}<c:/texlive/2022/texmf-dist/fonts/type1/public/amsfonts/cm/cmmi10.pfb><c:/texlive/2022/texmf-dist/fonts/type1/public/amsfonts/cm/cmr10.pfb><c:/texlive/2022/texmf-dist/fonts/type1/public/amsfonts/cm/cmsy10.pfb><c:/texlive/2022/texmf-dist/fonts/type1/public/eurosym/feybr10.pfb><c:/texlive/2022/texmf-dist/fonts/type1/public/eurosym/feymr10.pfb><c:/texlive/2022/texmf-dist/fonts/type1/public/mathpazo/fplmr.pfb><c:/texlive/2022/texmf-dist/fonts/type1/public/mathpazo/fplmri.pfb><c:/texlive/2022/texmf-dist/fonts/type1/public/amsfonts/symbols/msam10.pfb><c:/texlive/2022/texmf-dist/fonts/type1/urw/palatino/uplb8a.pfb><c:/texlive/2022/texmf-dist/fonts/type1/urw/palatino/uplbi8a.pfb><c:/texlive/2022/texmf-dist/fonts/type1/urw/palatino/uplr8a.pfb><c:/texlive/2022/texmf-dist/fonts/type1/urw/palatino/uplri8a.pfb>
Output written on build/nature_supplementary.pdf (98 pages, 6403404 bytes).
PDF statistics:
 2744 PDF objects out of 2984 (max. 8388607)
 2227 compressed objects within 23 object streams
 424 named destinations out of 1000 (max. 500000)
 521 words of extra memory for PDF output out of 10000 (max. 10000000)

